#
# A fatal error has been detected by the Java Runtime Environment:
#
#  SIGBUS (0xa) at pc=0x00000001380014f0, pid=7403, tid=28675
#
# JRE version: Java(TM) SE Runtime Environment (17.0.2+8) (build 17.0.2+8-LTS-86)
# Java VM: Java HotSpot(TM) 64-Bit Server VM (17.0.2+8-LTS-86, mixed mode, sharing, tiered, compressed oops, compressed class ptrs, g1 gc, bsd-aarch64)
# Problematic frame:
# v  ~StubRoutines::SafeFetchN
#
# No core dump will be written. Core dumps have been disabled. To enable core dumping, try "ulimit -c unlimited" before starting Java again
#
# If you would like to submit a bug report, please visit:
#   https://bugreport.java.com/bugreport/crash.jsp
# The crash happened outside the Java Virtual Machine in native code.
# See problematic frame for where to report the bug.
#

---------------  S U M M A R Y ------------

Command Line: --add-modules=javafx.controls,javafx.fxml --module-path=/Users/aymanehhhhhh/.gradle/caches/modules-2/files-2.1/org.openjfx/javafx-fxml/17/9ba33b0d9c19e9dcfd76fe7d95748a933e09b3b/javafx-fxml-17-mac-aarch64.jar:/Users/aymanehhhhhh/.gradle/caches/modules-2/files-2.1/org.openjfx/javafx-controls/17/2254b351c1e6ce2ac9adcd3480fed883cebbb08b/javafx-controls-17-mac-aarch64.jar:/Users/aymanehhhhhh/.gradle/caches/modules-2/files-2.1/org.openjfx/javafx-graphics/17/b6326f61f7e0effbf733d62e83b8317eb8e768b4/javafx-graphics-17-mac-aarch64.jar:/Users/aymanehhhhhh/.gradle/caches/modules-2/files-2.1/org.openjfx/javafx-base/17/d77b645fa3e1a6270783178541944e4b4a457cd2/javafx-base-17-mac-aarch64.jar -Dfile.encoding=UTF-8 -Duser.country=FR -Duser.language=fr -Duser.variant main.App

Host: "MacBookAir10,1" arm64 1 MHz, 8 cores, 8G, Darwin 21.4.0, macOS 12.3.1 (21E258)
Time: Tue Nov 15 15:28:39 2022 CET elapsed time: 3.420228 seconds (0d 0h 0m 3s)

---------------  T H R E A D  ---------------

Current thread (0x000000012891d600):  JavaThread "InvokeLaterDispatcher" daemon [_thread_in_native, id=28675, stack(0x0000000172620000,0x0000000172823000)]

Stack: [0x0000000172620000,0x0000000172823000],  sp=0x00000001728227b0,  free space=2057k
Native frames: (J=compiled Java code, j=interpreted, Vv=VM code, C=native code)
v  ~StubRoutines::SafeFetchN
V  [libjvm.dylib+0x7a4748]  _ZN10OopStorage7releaseEPKP7oopDesc+0x20
V  [libjvm.dylib+0x4b9e90]  jni_DeleteGlobalRef+0xc4
C  [libglass.dylib+0xab08]  -[GlassRunnable dealloc]+0x34
C  [Foundation+0x85618]  -[_NSThreadPerformInfo dealloc]+0x30
C  [Foundation+0x5198c]  -[NSObject(NSThreadPerformAdditions) performSelectorOnMainThread:withObject:waitUntilDone:]+0x88
C  0x850b0001380098ac
j  com.sun.glass.ui.mac.MacApplication.submitForLaterInvocation(Ljava/lang/Runnable;)V+2 javafx.graphics
j  com.sun.glass.ui.InvokeLaterDispatcher.run()V+82 javafx.graphics
v  ~StubRoutines::call_stub
V  [libjvm.dylib+0x4614e8]  _ZN9JavaCalls11call_helperEP9JavaValueRK12methodHandleP17JavaCallArgumentsP10JavaThread+0x38c
V  [libjvm.dylib+0x460504]  _ZN9JavaCalls12call_virtualEP9JavaValueP5KlassP6SymbolS5_P17JavaCallArgumentsP10JavaThread+0x11c
V  [libjvm.dylib+0x4605d0]  _ZN9JavaCalls12call_virtualEP9JavaValue6HandleP5KlassP6SymbolS6_P10JavaThread+0x64
V  [libjvm.dylib+0x513e50]  _ZL12thread_entryP10JavaThreadS0_+0xc4
V  [libjvm.dylib+0x90462c]  _ZN10JavaThread17thread_main_innerEv+0x134
V  [libjvm.dylib+0x902f54]  _ZN6Thread8call_runEv+0x128
V  [libjvm.dylib+0x7ab344]  _ZL19thread_native_entryP6Thread+0x158
C  [libsystem_pthread.dylib+0x726c]  _pthread_start+0x94

Java frames: (J=compiled Java code, j=interpreted, Vv=VM code)
j  com.sun.glass.ui.mac.MacApplication._submitForLaterInvocation(Ljava/lang/Runnable;)V+0 javafx.graphics
j  com.sun.glass.ui.mac.MacApplication.submitForLaterInvocation(Ljava/lang/Runnable;)V+2 javafx.graphics
j  com.sun.glass.ui.InvokeLaterDispatcher.run()V+82 javafx.graphics
v  ~StubRoutines::call_stub

siginfo: si_signo: 10 (SIGBUS), si_code: 1 (BUS_ADRALN), si_addr: 0x00000001380014f0

Register to memory mapping:

 x0=0x0000000128605a48 is a global jni handle
 x1=0x0 is NULL
 x2=0x00000007865e9be8 is an oop: com.sun.glass.ui.InvokeLaterDispatcher$Future 
{0x00000007865e9be8} - klass: 'com/sun/glass/ui/InvokeLaterDispatcher$Future'
 - ---- fields (total size 3 words):
 - private 'done' 'Z' @12  true
 - private final 'runnable' 'Ljava/lang/Runnable;' @16  a 'com/sun/javafx/tk/quantum/QuantumToolkit$$Lambda$79+0x0000000800c38870'{0x0000000786753748} (f0cea6e9)
 - final synthetic 'this$0' 'Lcom/sun/glass/ui/InvokeLaterDispatcher;' @20  a 'com/sun/glass/ui/InvokeLaterDispatcher'{0x00000007868156c0} (f0d02ad8)
 x3=0x0 is NULL
 x4=0x00000000000130a8 is an unknown value
 x5=0x0 is NULL
 x6=0x0 is NULL
 x7=0x0 is NULL
 x8=0x00000001380014ec is at begin+0 in a stub
StubRoutines::SafeFetchN [0x00000001380014ec, 0x00000001380014f8] (12 bytes)
 x9=0x0 is NULL
x10=0x2010000030300000 is an unknown value
x11=0x0000000000000007 is an unknown value
x12=0x0000000000000004 is an unknown value
x13=0x0000600001d58c90 points into unknown readable memory: 0x07418001b6fd3c40 | 40 3c fd b6 01 80 41 07
x14=0x00000b0000000000 is an unknown value
x15=0x000000010dea9f98: OBJC_CLASS_$_GlassRunnable+0 in /Users/aymanehhhhhh/.openjfx/cache/17/libglass.dylib at 0x000000010de64000
x16=0x00000001b713d0fc: pthread_getspecific+0 in /usr/lib/system/libsystem_pthread.dylib at 0x00000001b713b000
x17=0x00006000017777e0 points into unknown readable memory: 0xfffffffffffffffe | fe ff ff ff ff ff ff ff
x18=0x0 is NULL
x19=0x0000600001860460 points into unknown readable memory: 0x00006000031613a0 | a0 13 16 03 00 60 00 00
x20=0x0000000128605840 points into unknown readable memory: 0x2f322d73656c7564 | 64 75 6c 65 73 2d 32 2f
x21=0x0000000128605a48 is a global jni handle
x22=0x000000012891d600 is a thread
x23=0x0000000000000001 is an unknown value
x24=0x0000000128605a00 is a global jni handle
x25=0x0000000101fd55e8: _ZN12StubRoutines17_safefetchN_entryE+0 in /Library/Java/JavaVirtualMachines/jdk-17.0.2.jdk/Contents/Home/lib/server/libjvm.dylib at 0x000000010143c000
x26=0x000000010ed14ab0 is pointing into metadata
x27=0x0 is NULL
x28=0x000000012891d600 is a thread


Registers:
 x0=0x0000000128605a48  x1=0x0000000000000000  x2=0x00000007865e9be8  x3=0x0000000000000000
 x4=0x00000000000130a8  x5=0x0000000000000000  x6=0x0000000000000000  x7=0x0000000000000000
 x8=0x00000001380014ec  x9=0x0000000000000000 x10=0x2010000030300000 x11=0x0000000000000007
x12=0x0000000000000004 x13=0x0000600001d58c90 x14=0x00000b0000000000 x15=0x000000010dea9f98
x16=0x00000001b713d0fc x17=0x00006000017777e0 x18=0x0000000000000000 x19=0x0000600001860460
x20=0x0000000128605840 x21=0x0000000128605a48 x22=0x000000012891d600 x23=0x0000000000000001
x24=0x0000000128605a00 x25=0x0000000101fd55e8 x26=0x000000010ed14ab0 x27=0x0000000000000000
x28=0x000000012891d600  fp=0x00000001728227f0  lr=0x0000000101bdf518  sp=0x00000001728227b0
pc=0x00000001380014f0 cpsr=0x0000000060001000
Top of Stack: (sp=0x00000001728227b0)
0x00000001728227b0:   000000010ed14ab0 0000000000000001
0x00000001728227c0:   00000001728229a8 00006000031a1540
0x00000001728227d0:   0000000000000000 0000000128605a00
0x00000001728227e0:   0000000128605a00 0000600001860460
0x00000001728227f0:   0000000172822830 0000000101be0748
0x0000000172822800:   0000000000000001 0000000128605a00
0x0000000172822810:   0000000000000000 0000000128605a00
0x0000000172822820:   0000000000000001 0000000128931800
0x0000000172822830:   0000000172822860 00000001018f5e90
0x0000000172822840:   00006000031a14f0 0000000201202be0
0x0000000172822850:   0000000000000000 00006000031a14f0
0x0000000172822860:   0000000172822890 000000010de6eb08
0x0000000172822870:   2844ec00ea570063 0000000000000000
0x0000000172822880:   0000000000000000 00006000026c5e40
0x0000000172822890:   00000001728228d0 00000001b810a618
0x00000001728228a0:   00000001728229a8 00006000031a1540
0x00000001728228b0:   00006000031a14f0 2844ec00ea570063
0x00000001728228c0:   0000000000000000 0000000000000000
0x00000001728228d0:   0000000172822910 47348001b80d698c
0x00000001728228e0:   00000001728229a8 00000001380087c0
0x00000001728228f0:   0000000000000000 0000000101fdcfa8
0x0000000172822900:   0000000172822920 0000000138007730
0x0000000172822910:   0000000172822980 850b0001380098ac
0x0000000172822920:   0000000172822920 000000080098c53d
0x0000000172822930:   0000000172822930 0000000000000000
0x0000000172822940:   00000001728229a8 000000010ed14ab0
0x0000000172822950:   000000078680b388 0000000000000000
0x0000000172822960:   0000000000000000 000000010ecec960
0x0000000172822970:   0000000000000000 0000000172822980
0x0000000172822980:   0000000172822a00 0000000138005fc8
0x0000000172822990:   0000000000000000 0000000000000000
0x00000001728229a0:   00000007865e9be8 000000078680b400 

Instructions: (pc=0x00000001380014f0)
0x00000001380013f0:   f2a03f49 f2c00029 6d425935 1e640886
0x0000000138001400:   0c402d31 1e6408c7 1f5654d0 1e6c1017
0x0000000138001410:   1f5050d0 1f504cd0 1f5048d0 1e650af6
0x0000000138001420:   1f50d8f6 1f5694d6 1f5158f6 1e762880
0x0000000138001430:   36000501 1e614000 14000026 2e251ca5
0x0000000138001440:   d2843009 f2a03f49 f2c00029 6d425d36
0x0000000138001450:   1e600806 0c402d32 1f5758c7 1e6c101a
0x0000000138001460:   1f4754c7 1e650805 1f4750c7 d2866668
0x0000000138001470:   f2a7fa68 1f474cc7 1e6608c0 1f4748c7
0x0000000138001480:   1e6e1019 eb08007f 540000ac 1f479400
0x0000000138001490:   1f460340 1e603b20 1400000e d2a7fd29
0x00000001380014a0:   eb09007f 540000ac 51480069 d3607d29
0x00000001380014b0:   9e670121 14000002 1e6a5001 1f679417
0x00000001380014c0:   1f668742 1e613b23 1e773857 1e773860
0x00000001380014d0:   a8c17ff3 910003bf a8c17bfd d65f03c0
0x00000001380014e0:   b9400001 aa0103e0 d65f03c0 f9400001
0x00000001380014f0:   aa0103e0 d65f03c0 00000000 00000000
0x0000000138001500:   00000000 00000000 00000000 00000000
0x0000000138001510:   00000000 00000000 00000000 00000000
0x0000000138001520:   00000000 00000000 00000000 00000000
0x0000000138001530:   00000000 00000000 00000000 00000000
0x0000000138001540:   00000000 00000000 00000000 00000000
0x0000000138001550:   00000000 00000000 00000000 00000000
0x0000000138001560:   00000000 00000000 00000000 00000000
0x0000000138001570:   00000000 00000000 00000000 00000000
0x0000000138001580:   00000000 00000000 00000000 00000000
0x0000000138001590:   00000000 00000000 00000000 00000000
0x00000001380015a0:   00000000 00000000 00000000 00000000
0x00000001380015b0:   00000000 00000000 00000000 00000000
0x00000001380015c0:   00000000 00000000 00000000 00000000
0x00000001380015d0:   00000000 00000000 00000000 00000000
0x00000001380015e0:   00000000 00000000 00000000 00000000 


Stack slot to memory mapping:
stack at sp + 0 slots: 0x000000010ed14ab0 is pointing into metadata
stack at sp + 1 slots: 0x0000000000000001 is an unknown value
stack at sp + 2 slots: 0x00000001728229a8 is pointing into the stack for thread: 0x000000012891d600
stack at sp + 3 slots: 0x00006000031a1540 points into unknown readable memory: 0x010000020f8ee011 | 11 e0 8e 0f 02 00 00 01
stack at sp + 4 slots: 0x0 is NULL
stack at sp + 5 slots: 0x0000000128605a00 is a global jni handle
stack at sp + 6 slots: 0x0000000128605a00 is a global jni handle
stack at sp + 7 slots: 0x0000600001860460 points into unknown readable memory: 0x00006000031613a0 | a0 13 16 03 00 60 00 00

StubRoutines::SafeFetchN [0x00000001380014ec, 0x00000001380014f8] (12 bytes)
[MachCode]
  0x00000001380014ec: 0100 40f9 | e003 01aa | c003 5fd6 
[/MachCode]

---------------  P R O C E S S  ---------------

Threads class SMR info:
_java_thread_list=0x00006000033555e0, length=18, elements={
0x0000000118808e00, 0x000000011884a800, 0x000000010e07aa00, 0x0000000128819c00,
0x000000012881a200, 0x0000000128810a00, 0x0000000128811000, 0x0000000128811600,
0x0000000128811c00, 0x000000010e07c000, 0x000000010e078e00, 0x0000000118809400,
0x000000012891d600, 0x0000000128931800, 0x0000000129189c00, 0x000000012895ac00,
0x00000001289e9200, 0x0000000128967c00
}

Java Threads: ( => current thread )
  0x0000000118808e00 JavaThread "main" [_thread_blocked, id=6403, stack(0x000000016fd98000,0x000000016ff9b000)]
  0x000000011884a800 JavaThread "Reference Handler" daemon [_thread_blocked, id=13827, stack(0x0000000170bec000,0x0000000170def000)]
  0x000000010e07aa00 JavaThread "Finalizer" daemon [_thread_blocked, id=14083, stack(0x0000000170df8000,0x0000000170ffb000)]
  0x0000000128819c00 JavaThread "Signal Dispatcher" daemon [_thread_blocked, id=42499, stack(0x00000001711a8000,0x00000001713ab000)]
  0x000000012881a200 JavaThread "Service Thread" daemon [_thread_blocked, id=23299, stack(0x00000001713b4000,0x00000001715b7000)]
  0x0000000128810a00 JavaThread "Monitor Deflation Thread" daemon [_thread_blocked, id=41731, stack(0x00000001715c0000,0x00000001717c3000)]
  0x0000000128811000 JavaThread "C2 CompilerThread0" daemon [_thread_blocked, id=41475, stack(0x00000001717cc000,0x00000001719cf000)]
  0x0000000128811600 JavaThread "C1 CompilerThread0" daemon [_thread_blocked, id=40963, stack(0x00000001719d8000,0x0000000171bdb000)]
  0x0000000128811c00 JavaThread "Sweeper thread" daemon [_thread_blocked, id=23811, stack(0x0000000171be4000,0x0000000171de7000)]
  0x000000010e07c000 JavaThread "Common-Cleaner" daemon [_thread_blocked, id=24067, stack(0x0000000171df0000,0x0000000171ff3000)]
  0x000000010e078e00 JavaThread "Notification Thread" daemon [_thread_blocked, id=24579, stack(0x0000000171ffc000,0x00000001721ff000)]
  0x0000000118809400 JavaThread "QuantumRenderer-0" daemon [_thread_blocked, id=39939, stack(0x0000000172414000,0x0000000172617000)]
=>0x000000012891d600 JavaThread "InvokeLaterDispatcher" daemon [_thread_in_native, id=28675, stack(0x0000000172620000,0x0000000172823000)]
  0x0000000128931800 JavaThread "JavaFX Application Thread" [_thread_in_vm, id=259, stack(0x000000016f510000,0x000000016fd0c000)]
  0x0000000129189c00 JavaThread "JavaFX-Launcher" [_thread_blocked, id=78599, stack(0x0000000172ac4000,0x0000000172cc7000)]
  0x000000012895ac00 JavaThread "Prism Font Disposer" daemon [_thread_blocked, id=57099, stack(0x0000000280004000,0x0000000280207000)]
  0x00000001289e9200 JavaThread "PulseTimer-CVDisplayLink thread" daemon [_thread_in_native, id=78863, stack(0x000000017282c000,0x00000001728af000)]
  0x0000000128967c00 JavaThread "Cleaner-0" daemon [_thread_blocked, id=51323, stack(0x0000000280210000,0x0000000280413000)]

Other Threads:
  0x000000011860a770 VMThread "VM Thread" [stack: 0x00000001709e0000,0x0000000170be3000] [id=13571]
  0x00000001287052a0 WatcherThread [stack: 0x0000000172208000,0x000000017240b000] [id=24835]
  0x0000000118606560 GCTaskThread "GC Thread#0" [stack: 0x000000016ffa4000,0x00000001701a7000] [id=19715]
  0x000000012872a730 GCTaskThread "GC Thread#1" [stack: 0x0000000172cd0000,0x0000000172ed3000] [id=54275]
  0x000000012872abb0 GCTaskThread "GC Thread#2" [stack: 0x0000000172edc000,0x00000001730df000] [id=74499]
  0x000000011862c1e0 GCTaskThread "GC Thread#3" [stack: 0x00000001730e8000,0x00000001732eb000] [id=74243]
  0x000000011862c660 GCTaskThread "GC Thread#4" [stack: 0x00000001732f4000,0x00000001734f7000] [id=73731]
  0x0000000118731a80 GCTaskThread "GC Thread#5" [stack: 0x0000000173500000,0x0000000173703000] [id=73219]
  0x00000001187043c0 ConcurrentGCThread "G1 Main Marker" [stack: 0x00000001701b0000,0x00000001703b3000] [id=19203]
  0x0000000118704c40 ConcurrentGCThread "G1 Conc#0" [stack: 0x00000001703bc000,0x00000001705bf000] [id=18691]
  0x0000000118706ab0 ConcurrentGCThread "G1 Refine#0" [stack: 0x00000001705c8000,0x00000001707cb000] [id=18179]
  0x0000000118606b20 ConcurrentGCThread "G1 Service" [stack: 0x00000001707d4000,0x00000001709d7000] [id=17667]

Threads with active compile tasks:

VM state: not at safepoint (normal execution)

VM Mutex/Monitor currently owned by a thread: None

Heap address: 0x0000000780000000, size: 2048 MB, Compressed Oops mode: Zero based, Oop shift amount: 3

CDS archive(s) mapped at: [0x0000000800000000-0x0000000800bd8000-0x0000000800bd8000), size 12419072, SharedBaseAddress: 0x0000000800000000, ArchiveRelocationMode: 0.
Compressed class space mapped at: 0x0000000800c00000-0x0000000840c00000, reserved size: 1073741824
Narrow klass base: 0x0000000800000000, Narrow klass shift: 0, Narrow klass range: 0x100000000

GC Precious Log:
 CPUs: 8 total, 8 available
 Memory: 8192M
 Large Page Support: Disabled
 NUMA Support: Disabled
 Compressed Oops: Enabled (Zero based)
 Heap Region Size: 1M
 Heap Min Capacity: 8M
 Heap Initial Capacity: 128M
 Heap Max Capacity: 2G
 Pre-touch: Disabled
 Parallel Workers: 8
 Concurrent Workers: 2
 Concurrent Refinement Workers: 8
 Periodic GC: Disabled

Heap:
 garbage-first heap   total 133120K, used 37992K [0x0000000780000000, 0x0000000800000000)
  region size 1024K, 35 young (35840K), 3 survivors (3072K)
 Metaspace       used 14431K, committed 14720K, reserved 1064960K
  class space    used 2157K, committed 2304K, reserved 1048576K

Heap Regions: E=young(eden), S=young(survivor), O=old, HS=humongous(starts), HC=humongous(continues), CS=collection set, F=free, OA=open archive, CA=closed archive, TAMS=top-at-mark-start (previous, next)
|   0|0x0000000780000000, 0x0000000780022000, 0x0000000780100000| 13%| O|  |TAMS 0x0000000780000000, 0x0000000780000000| Untracked 
|   1|0x0000000780100000, 0x0000000780200000, 0x0000000780200000|100%|HS|  |TAMS 0x0000000780100000, 0x0000000780100000| Complete 
|   2|0x0000000780200000, 0x0000000780300000, 0x0000000780300000|100%|HC|  |TAMS 0x0000000780200000, 0x0000000780200000| Complete 
|   3|0x0000000780300000, 0x0000000780300000, 0x0000000780400000|  0%| F|  |TAMS 0x0000000780300000, 0x0000000780300000| Untracked 
|   4|0x0000000780400000, 0x0000000780400000, 0x0000000780500000|  0%| F|  |TAMS 0x0000000780400000, 0x0000000780400000| Untracked 
|   5|0x0000000780500000, 0x0000000780500000, 0x0000000780600000|  0%| F|  |TAMS 0x0000000780500000, 0x0000000780500000| Untracked 
|   6|0x0000000780600000, 0x0000000780600000, 0x0000000780700000|  0%| F|  |TAMS 0x0000000780600000, 0x0000000780600000| Untracked 
|   7|0x0000000780700000, 0x0000000780700000, 0x0000000780800000|  0%| F|  |TAMS 0x0000000780700000, 0x0000000780700000| Untracked 
|   8|0x0000000780800000, 0x0000000780800000, 0x0000000780900000|  0%| F|  |TAMS 0x0000000780800000, 0x0000000780800000| Untracked 
|   9|0x0000000780900000, 0x0000000780900000, 0x0000000780a00000|  0%| F|  |TAMS 0x0000000780900000, 0x0000000780900000| Untracked 
|  10|0x0000000780a00000, 0x0000000780a00000, 0x0000000780b00000|  0%| F|  |TAMS 0x0000000780a00000, 0x0000000780a00000| Untracked 
|  11|0x0000000780b00000, 0x0000000780b00000, 0x0000000780c00000|  0%| F|  |TAMS 0x0000000780b00000, 0x0000000780b00000| Untracked 
|  12|0x0000000780c00000, 0x0000000780c00000, 0x0000000780d00000|  0%| F|  |TAMS 0x0000000780c00000, 0x0000000780c00000| Untracked 
|  13|0x0000000780d00000, 0x0000000780d00000, 0x0000000780e00000|  0%| F|  |TAMS 0x0000000780d00000, 0x0000000780d00000| Untracked 
|  14|0x0000000780e00000, 0x0000000780e00000, 0x0000000780f00000|  0%| F|  |TAMS 0x0000000780e00000, 0x0000000780e00000| Untracked 
|  15|0x0000000780f00000, 0x0000000780f00000, 0x0000000781000000|  0%| F|  |TAMS 0x0000000780f00000, 0x0000000780f00000| Untracked 
|  16|0x0000000781000000, 0x0000000781000000, 0x0000000781100000|  0%| F|  |TAMS 0x0000000781000000, 0x0000000781000000| Untracked 
|  17|0x0000000781100000, 0x0000000781100000, 0x0000000781200000|  0%| F|  |TAMS 0x0000000781100000, 0x0000000781100000| Untracked 
|  18|0x0000000781200000, 0x0000000781200000, 0x0000000781300000|  0%| F|  |TAMS 0x0000000781200000, 0x0000000781200000| Untracked 
|  19|0x0000000781300000, 0x0000000781300000, 0x0000000781400000|  0%| F|  |TAMS 0x0000000781300000, 0x0000000781300000| Untracked 
|  20|0x0000000781400000, 0x0000000781400000, 0x0000000781500000|  0%| F|  |TAMS 0x0000000781400000, 0x0000000781400000| Untracked 
|  21|0x0000000781500000, 0x0000000781500000, 0x0000000781600000|  0%| F|  |TAMS 0x0000000781500000, 0x0000000781500000| Untracked 
|  22|0x0000000781600000, 0x0000000781600000, 0x0000000781700000|  0%| F|  |TAMS 0x0000000781600000, 0x0000000781600000| Untracked 
|  23|0x0000000781700000, 0x0000000781700000, 0x0000000781800000|  0%| F|  |TAMS 0x0000000781700000, 0x0000000781700000| Untracked 
|  24|0x0000000781800000, 0x0000000781800000, 0x0000000781900000|  0%| F|  |TAMS 0x0000000781800000, 0x0000000781800000| Untracked 
|  25|0x0000000781900000, 0x0000000781900000, 0x0000000781a00000|  0%| F|  |TAMS 0x0000000781900000, 0x0000000781900000| Untracked 
|  26|0x0000000781a00000, 0x0000000781a00000, 0x0000000781b00000|  0%| F|  |TAMS 0x0000000781a00000, 0x0000000781a00000| Untracked 
|  27|0x0000000781b00000, 0x0000000781b00000, 0x0000000781c00000|  0%| F|  |TAMS 0x0000000781b00000, 0x0000000781b00000| Untracked 
|  28|0x0000000781c00000, 0x0000000781c00000, 0x0000000781d00000|  0%| F|  |TAMS 0x0000000781c00000, 0x0000000781c00000| Untracked 
|  29|0x0000000781d00000, 0x0000000781d00000, 0x0000000781e00000|  0%| F|  |TAMS 0x0000000781d00000, 0x0000000781d00000| Untracked 
|  30|0x0000000781e00000, 0x0000000781e00000, 0x0000000781f00000|  0%| F|  |TAMS 0x0000000781e00000, 0x0000000781e00000| Untracked 
|  31|0x0000000781f00000, 0x0000000781f00000, 0x0000000782000000|  0%| F|  |TAMS 0x0000000781f00000, 0x0000000781f00000| Untracked 
|  32|0x0000000782000000, 0x0000000782000000, 0x0000000782100000|  0%| F|  |TAMS 0x0000000782000000, 0x0000000782000000| Untracked 
|  33|0x0000000782100000, 0x0000000782100000, 0x0000000782200000|  0%| F|  |TAMS 0x0000000782100000, 0x0000000782100000| Untracked 
|  34|0x0000000782200000, 0x0000000782200000, 0x0000000782300000|  0%| F|  |TAMS 0x0000000782200000, 0x0000000782200000| Untracked 
|  35|0x0000000782300000, 0x0000000782300000, 0x0000000782400000|  0%| F|  |TAMS 0x0000000782300000, 0x0000000782300000| Untracked 
|  36|0x0000000782400000, 0x0000000782400000, 0x0000000782500000|  0%| F|  |TAMS 0x0000000782400000, 0x0000000782400000| Untracked 
|  37|0x0000000782500000, 0x0000000782500000, 0x0000000782600000|  0%| F|  |TAMS 0x0000000782500000, 0x0000000782500000| Untracked 
|  38|0x0000000782600000, 0x0000000782600000, 0x0000000782700000|  0%| F|  |TAMS 0x0000000782600000, 0x0000000782600000| Untracked 
|  39|0x0000000782700000, 0x0000000782700000, 0x0000000782800000|  0%| F|  |TAMS 0x0000000782700000, 0x0000000782700000| Untracked 
|  40|0x0000000782800000, 0x0000000782800000, 0x0000000782900000|  0%| F|  |TAMS 0x0000000782800000, 0x0000000782800000| Untracked 
|  41|0x0000000782900000, 0x0000000782900000, 0x0000000782a00000|  0%| F|  |TAMS 0x0000000782900000, 0x0000000782900000| Untracked 
|  42|0x0000000782a00000, 0x0000000782a00000, 0x0000000782b00000|  0%| F|  |TAMS 0x0000000782a00000, 0x0000000782a00000| Untracked 
|  43|0x0000000782b00000, 0x0000000782b00000, 0x0000000782c00000|  0%| F|  |TAMS 0x0000000782b00000, 0x0000000782b00000| Untracked 
|  44|0x0000000782c00000, 0x0000000782c00000, 0x0000000782d00000|  0%| F|  |TAMS 0x0000000782c00000, 0x0000000782c00000| Untracked 
|  45|0x0000000782d00000, 0x0000000782d00000, 0x0000000782e00000|  0%| F|  |TAMS 0x0000000782d00000, 0x0000000782d00000| Untracked 
|  46|0x0000000782e00000, 0x0000000782e00000, 0x0000000782f00000|  0%| F|  |TAMS 0x0000000782e00000, 0x0000000782e00000| Untracked 
|  47|0x0000000782f00000, 0x0000000782f00000, 0x0000000783000000|  0%| F|  |TAMS 0x0000000782f00000, 0x0000000782f00000| Untracked 
|  48|0x0000000783000000, 0x0000000783000000, 0x0000000783100000|  0%| F|  |TAMS 0x0000000783000000, 0x0000000783000000| Untracked 
|  49|0x0000000783100000, 0x0000000783100000, 0x0000000783200000|  0%| F|  |TAMS 0x0000000783100000, 0x0000000783100000| Untracked 
|  50|0x0000000783200000, 0x0000000783200000, 0x0000000783300000|  0%| F|  |TAMS 0x0000000783200000, 0x0000000783200000| Untracked 
|  51|0x0000000783300000, 0x0000000783300000, 0x0000000783400000|  0%| F|  |TAMS 0x0000000783300000, 0x0000000783300000| Untracked 
|  52|0x0000000783400000, 0x0000000783400000, 0x0000000783500000|  0%| F|  |TAMS 0x0000000783400000, 0x0000000783400000| Untracked 
|  53|0x0000000783500000, 0x0000000783500000, 0x0000000783600000|  0%| F|  |TAMS 0x0000000783500000, 0x0000000783500000| Untracked 
|  54|0x0000000783600000, 0x0000000783600000, 0x0000000783700000|  0%| F|  |TAMS 0x0000000783600000, 0x0000000783600000| Untracked 
|  55|0x0000000783700000, 0x0000000783700000, 0x0000000783800000|  0%| F|  |TAMS 0x0000000783700000, 0x0000000783700000| Untracked 
|  56|0x0000000783800000, 0x0000000783800000, 0x0000000783900000|  0%| F|  |TAMS 0x0000000783800000, 0x0000000783800000| Untracked 
|  57|0x0000000783900000, 0x0000000783900000, 0x0000000783a00000|  0%| F|  |TAMS 0x0000000783900000, 0x0000000783900000| Untracked 
|  58|0x0000000783a00000, 0x0000000783a00000, 0x0000000783b00000|  0%| F|  |TAMS 0x0000000783a00000, 0x0000000783a00000| Untracked 
|  59|0x0000000783b00000, 0x0000000783b00000, 0x0000000783c00000|  0%| F|  |TAMS 0x0000000783b00000, 0x0000000783b00000| Untracked 
|  60|0x0000000783c00000, 0x0000000783c00000, 0x0000000783d00000|  0%| F|  |TAMS 0x0000000783c00000, 0x0000000783c00000| Untracked 
|  61|0x0000000783d00000, 0x0000000783d00000, 0x0000000783e00000|  0%| F|  |TAMS 0x0000000783d00000, 0x0000000783d00000| Untracked 
|  62|0x0000000783e00000, 0x0000000783e00000, 0x0000000783f00000|  0%| F|  |TAMS 0x0000000783e00000, 0x0000000783e00000| Untracked 
|  63|0x0000000783f00000, 0x0000000783f00000, 0x0000000784000000|  0%| F|  |TAMS 0x0000000783f00000, 0x0000000783f00000| Untracked 
|  64|0x0000000784000000, 0x0000000784000000, 0x0000000784100000|  0%| F|  |TAMS 0x0000000784000000, 0x0000000784000000| Untracked 
|  65|0x0000000784100000, 0x0000000784100000, 0x0000000784200000|  0%| F|  |TAMS 0x0000000784100000, 0x0000000784100000| Untracked 
|  66|0x0000000784200000, 0x0000000784200000, 0x0000000784300000|  0%| F|  |TAMS 0x0000000784200000, 0x0000000784200000| Untracked 
|  67|0x0000000784300000, 0x0000000784300000, 0x0000000784400000|  0%| F|  |TAMS 0x0000000784300000, 0x0000000784300000| Untracked 
|  68|0x0000000784400000, 0x0000000784400000, 0x0000000784500000|  0%| F|  |TAMS 0x0000000784400000, 0x0000000784400000| Untracked 
|  69|0x0000000784500000, 0x0000000784500000, 0x0000000784600000|  0%| F|  |TAMS 0x0000000784500000, 0x0000000784500000| Untracked 
|  70|0x0000000784600000, 0x0000000784600000, 0x0000000784700000|  0%| F|  |TAMS 0x0000000784600000, 0x0000000784600000| Untracked 
|  71|0x0000000784700000, 0x0000000784700000, 0x0000000784800000|  0%| F|  |TAMS 0x0000000784700000, 0x0000000784700000| Untracked 
|  72|0x0000000784800000, 0x0000000784800000, 0x0000000784900000|  0%| F|  |TAMS 0x0000000784800000, 0x0000000784800000| Untracked 
|  73|0x0000000784900000, 0x0000000784900000, 0x0000000784a00000|  0%| F|  |TAMS 0x0000000784900000, 0x0000000784900000| Untracked 
|  74|0x0000000784a00000, 0x0000000784a00000, 0x0000000784b00000|  0%| F|  |TAMS 0x0000000784a00000, 0x0000000784a00000| Untracked 
|  75|0x0000000784b00000, 0x0000000784b00000, 0x0000000784c00000|  0%| F|  |TAMS 0x0000000784b00000, 0x0000000784b00000| Untracked 
|  76|0x0000000784c00000, 0x0000000784c00000, 0x0000000784d00000|  0%| F|  |TAMS 0x0000000784c00000, 0x0000000784c00000| Untracked 
|  77|0x0000000784d00000, 0x0000000784d00000, 0x0000000784e00000|  0%| F|  |TAMS 0x0000000784d00000, 0x0000000784d00000| Untracked 
|  78|0x0000000784e00000, 0x0000000784e00000, 0x0000000784f00000|  0%| F|  |TAMS 0x0000000784e00000, 0x0000000784e00000| Untracked 
|  79|0x0000000784f00000, 0x0000000784f00000, 0x0000000785000000|  0%| F|  |TAMS 0x0000000784f00000, 0x0000000784f00000| Untracked 
|  80|0x0000000785000000, 0x0000000785000000, 0x0000000785100000|  0%| F|  |TAMS 0x0000000785000000, 0x0000000785000000| Untracked 
|  81|0x0000000785100000, 0x0000000785100000, 0x0000000785200000|  0%| F|  |TAMS 0x0000000785100000, 0x0000000785100000| Untracked 
|  82|0x0000000785200000, 0x0000000785200000, 0x0000000785300000|  0%| F|  |TAMS 0x0000000785200000, 0x0000000785200000| Untracked 
|  83|0x0000000785300000, 0x0000000785300000, 0x0000000785400000|  0%| F|  |TAMS 0x0000000785300000, 0x0000000785300000| Untracked 
|  84|0x0000000785400000, 0x0000000785400000, 0x0000000785500000|  0%| F|  |TAMS 0x0000000785400000, 0x0000000785400000| Untracked 
|  85|0x0000000785500000, 0x0000000785500000, 0x0000000785600000|  0%| F|  |TAMS 0x0000000785500000, 0x0000000785500000| Untracked 
|  86|0x0000000785600000, 0x0000000785600000, 0x0000000785700000|  0%| F|  |TAMS 0x0000000785600000, 0x0000000785600000| Untracked 
|  87|0x0000000785700000, 0x0000000785700000, 0x0000000785800000|  0%| F|  |TAMS 0x0000000785700000, 0x0000000785700000| Untracked 
|  88|0x0000000785800000, 0x0000000785800000, 0x0000000785900000|  0%| F|  |TAMS 0x0000000785800000, 0x0000000785800000| Untracked 
|  89|0x0000000785900000, 0x0000000785900000, 0x0000000785a00000|  0%| F|  |TAMS 0x0000000785900000, 0x0000000785900000| Untracked 
|  90|0x0000000785a00000, 0x0000000785a00000, 0x0000000785b00000|  0%| F|  |TAMS 0x0000000785a00000, 0x0000000785a00000| Untracked 
|  91|0x0000000785b00000, 0x0000000785b00000, 0x0000000785c00000|  0%| F|  |TAMS 0x0000000785b00000, 0x0000000785b00000| Untracked 
|  92|0x0000000785c00000, 0x0000000785c00000, 0x0000000785d00000|  0%| F|  |TAMS 0x0000000785c00000, 0x0000000785c00000| Untracked 
|  93|0x0000000785d00000, 0x0000000785d76860, 0x0000000785e00000| 46%| E|  |TAMS 0x0000000785d00000, 0x0000000785d00000| Complete 
|  94|0x0000000785e00000, 0x0000000785f00000, 0x0000000785f00000|100%| E|CS|TAMS 0x0000000785e00000, 0x0000000785e00000| Complete 
|  95|0x0000000785f00000, 0x0000000786000000, 0x0000000786000000|100%| E|CS|TAMS 0x0000000785f00000, 0x0000000785f00000| Complete 
|  96|0x0000000786000000, 0x0000000786100000, 0x0000000786100000|100%| E|CS|TAMS 0x0000000786000000, 0x0000000786000000| Complete 
|  97|0x0000000786100000, 0x0000000786200000, 0x0000000786200000|100%| E|CS|TAMS 0x0000000786100000, 0x0000000786100000| Complete 
|  98|0x0000000786200000, 0x0000000786300000, 0x0000000786300000|100%| E|CS|TAMS 0x0000000786200000, 0x0000000786200000| Complete 
|  99|0x0000000786300000, 0x0000000786400000, 0x0000000786400000|100%| E|CS|TAMS 0x0000000786300000, 0x0000000786300000| Complete 
| 100|0x0000000786400000, 0x0000000786500000, 0x0000000786500000|100%| E|CS|TAMS 0x0000000786400000, 0x0000000786400000| Complete 
| 101|0x0000000786500000, 0x0000000786600000, 0x0000000786600000|100%| E|CS|TAMS 0x0000000786500000, 0x0000000786500000| Complete 
| 102|0x0000000786600000, 0x0000000786700000, 0x0000000786700000|100%| S|CS|TAMS 0x0000000786600000, 0x0000000786600000| Complete 
| 103|0x0000000786700000, 0x0000000786800000, 0x0000000786800000|100%| S|CS|TAMS 0x0000000786700000, 0x0000000786700000| Complete 
| 104|0x0000000786800000, 0x0000000786900000, 0x0000000786900000|100%| S|CS|TAMS 0x0000000786800000, 0x0000000786800000| Complete 
| 105|0x0000000786900000, 0x0000000786a00000, 0x0000000786a00000|100%| E|CS|TAMS 0x0000000786900000, 0x0000000786900000| Complete 
| 106|0x0000000786a00000, 0x0000000786b00000, 0x0000000786b00000|100%| E|CS|TAMS 0x0000000786a00000, 0x0000000786a00000| Complete 
| 107|0x0000000786b00000, 0x0000000786c00000, 0x0000000786c00000|100%| E|CS|TAMS 0x0000000786b00000, 0x0000000786b00000| Complete 
| 108|0x0000000786c00000, 0x0000000786d00000, 0x0000000786d00000|100%| E|CS|TAMS 0x0000000786c00000, 0x0000000786c00000| Complete 
| 109|0x0000000786d00000, 0x0000000786e00000, 0x0000000786e00000|100%| E|CS|TAMS 0x0000000786d00000, 0x0000000786d00000| Complete 
| 110|0x0000000786e00000, 0x0000000786f00000, 0x0000000786f00000|100%| E|CS|TAMS 0x0000000786e00000, 0x0000000786e00000| Complete 
| 111|0x0000000786f00000, 0x0000000787000000, 0x0000000787000000|100%| E|CS|TAMS 0x0000000786f00000, 0x0000000786f00000| Complete 
| 112|0x0000000787000000, 0x0000000787100000, 0x0000000787100000|100%| E|CS|TAMS 0x0000000787000000, 0x0000000787000000| Complete 
| 113|0x0000000787100000, 0x0000000787200000, 0x0000000787200000|100%| E|CS|TAMS 0x0000000787100000, 0x0000000787100000| Complete 
| 114|0x0000000787200000, 0x0000000787300000, 0x0000000787300000|100%| E|CS|TAMS 0x0000000787200000, 0x0000000787200000| Complete 
| 115|0x0000000787300000, 0x0000000787400000, 0x0000000787400000|100%| E|CS|TAMS 0x0000000787300000, 0x0000000787300000| Complete 
| 116|0x0000000787400000, 0x0000000787500000, 0x0000000787500000|100%| E|CS|TAMS 0x0000000787400000, 0x0000000787400000| Complete 
| 117|0x0000000787500000, 0x0000000787600000, 0x0000000787600000|100%| E|CS|TAMS 0x0000000787500000, 0x0000000787500000| Complete 
| 118|0x0000000787600000, 0x0000000787700000, 0x0000000787700000|100%| E|CS|TAMS 0x0000000787600000, 0x0000000787600000| Complete 
| 119|0x0000000787700000, 0x0000000787800000, 0x0000000787800000|100%| E|CS|TAMS 0x0000000787700000, 0x0000000787700000| Complete 
| 120|0x0000000787800000, 0x0000000787900000, 0x0000000787900000|100%| E|CS|TAMS 0x0000000787800000, 0x0000000787800000| Complete 
| 121|0x0000000787900000, 0x0000000787a00000, 0x0000000787a00000|100%| E|CS|TAMS 0x0000000787900000, 0x0000000787900000| Complete 
| 122|0x0000000787a00000, 0x0000000787b00000, 0x0000000787b00000|100%| E|CS|TAMS 0x0000000787a00000, 0x0000000787a00000| Complete 
| 123|0x0000000787b00000, 0x0000000787c00000, 0x0000000787c00000|100%| E|CS|TAMS 0x0000000787b00000, 0x0000000787b00000| Complete 
| 124|0x0000000787c00000, 0x0000000787d00000, 0x0000000787d00000|100%| E|CS|TAMS 0x0000000787c00000, 0x0000000787c00000| Complete 
| 125|0x0000000787d00000, 0x0000000787e00000, 0x0000000787e00000|100%| E|CS|TAMS 0x0000000787d00000, 0x0000000787d00000| Complete 
| 126|0x0000000787e00000, 0x0000000787f00000, 0x0000000787f00000|100%| E|CS|TAMS 0x0000000787e00000, 0x0000000787e00000| Complete 
| 127|0x0000000787f00000, 0x0000000788000000, 0x0000000788000000|100%| E|CS|TAMS 0x0000000787f00000, 0x0000000787f00000| Complete 
|2046|0x00000007ffe00000, 0x00000007ffe78000, 0x00000007fff00000| 46%|OA|  |TAMS 0x00000007ffe00000, 0x00000007ffe00000| Untracked 
|2047|0x00000007fff00000, 0x00000007fff80000, 0x0000000800000000| 50%|CA|  |TAMS 0x00000007fff00000, 0x00000007fff00000| Untracked 

Card table byte_map: [0x0000000100a34000,0x0000000100e34000] _byte_map_base: 0x00000000fce34000

Marking Bits (Prev, Next): (CMBitMap*) 0x000000010e008210, (CMBitMap*) 0x000000010e008250
 Prev Bits: [0x0000000109b08000, 0x000000010bb08000)
 Next Bits: [0x000000010bb08000, 0x000000010db08000)

Polling page: 0x0000000100278000

Metaspace:

Usage:
  Non-class:     11.99 MB used.
      Class:      2.11 MB used.
       Both:     14.09 MB used.

Virtual space:
  Non-class space:       16.00 MB reserved,      12.12 MB ( 76%) committed,  2 nodes.
      Class space:        1.00 GB reserved,       2.25 MB ( <1%) committed,  1 nodes.
             Both:        1.02 GB reserved,      14.38 MB (  1%) committed. 

Chunk freelists:
   Non-Class:  3.30 MB
       Class:  1.67 MB
        Both:  4.97 MB

MaxMetaspaceSize: unlimited
CompressedClassSpaceSize: 1.00 GB
Initial GC threshold: 21.00 MB
Current GC threshold: 21.00 MB
CDS: on
MetaspaceReclaimPolicy: balanced
 - commit_granule_bytes: 65536.
 - commit_granule_words: 8192.
 - virtual_space_node_default_size: 1048576.
 - enlarge_chunks_in_place: 1.
 - new_chunks_are_fully_committed: 0.
 - uncommit_free_chunks: 1.
 - use_allocation_guard: 0.
 - handle_deallocations: 1.


Internal statistics:

num_allocs_failed_limit: 0.
num_arena_births: 190.
num_arena_deaths: 0.
num_vsnodes_births: 3.
num_vsnodes_deaths: 0.
num_space_committed: 230.
num_space_uncommitted: 0.
num_chunks_returned_to_freelist: 0.
num_chunks_taken_from_freelist: 674.
num_chunk_merges: 0.
num_chunk_splits: 456.
num_chunks_enlarged: 361.
num_purges: 0.
num_inconsistent_stats: 0.

CodeHeap 'non-profiled nmethods': size=120032Kb used=697Kb max_used=697Kb free=119334Kb
 bounds [0x000000013fac8000, 0x000000013fd38000, 0x0000000147000000]
CodeHeap 'profiled nmethods': size=120016Kb used=4041Kb max_used=4041Kb free=115974Kb
 bounds [0x0000000138594000, 0x0000000138994000, 0x000000013fac8000]
CodeHeap 'non-nmethods': size=5712Kb used=1360Kb max_used=1375Kb free=4351Kb
 bounds [0x0000000138000000, 0x0000000138270000, 0x0000000138594000]
 total_blobs=2894 nmethods=2149 adapters=661
 compilation: enabled
              stopped_count=0, restarted_count=0
 full_count=0

Compilation events (20 events):
Event: 3.386 Thread 0x0000000128811600 2199       1       javafx.scene.layout.BackgroundFill::getRadii (5 bytes)
Event: 3.386 Thread 0x0000000128811600 nmethod 2199 0x000000013fb75510 code [0x000000013fb75680, 0x000000013fb75768]
Event: 3.386 Thread 0x0000000128811600 2201       1       javafx.scene.layout.CornerRadii::getTopLeftHorizontalRadius (5 bytes)
Event: 3.386 Thread 0x0000000128811600 nmethod 2201 0x000000013fb75810 code [0x000000013fb75980, 0x000000013fb75a68]
Event: 3.387 Thread 0x0000000128811600 2202       3       com.sun.prism.impl.ps.BaseShaderGraphics::setPaint (47 bytes)
Event: 3.387 Thread 0x0000000128811600 nmethod 2202 0x0000000138983290 code [0x0000000138983480, 0x0000000138983988]
Event: 3.387 Thread 0x0000000128811600 2205       3       com.sun.prism.impl.VertexBuffer::addVertNoCheck (102 bytes)
Event: 3.387 Thread 0x0000000128811600 nmethod 2205 0x0000000138983b10 code [0x0000000138983cc0, 0x0000000138983fd8]
Event: 3.387 Thread 0x0000000128811600 2203       3       com.sun.prism.impl.BaseGraphics::setPaint (10 bytes)
Event: 3.387 Thread 0x0000000128811600 nmethod 2203 0x0000000138984190 code [0x0000000138984340, 0x0000000138984518]
Event: 3.387 Thread 0x0000000128811600 2204       1       com.sun.prism.impl.BaseTexture::getWrapMode (5 bytes)
Event: 3.387 Thread 0x0000000128811600 nmethod 2204 0x000000013fb75b10 code [0x000000013fb75c80, 0x000000013fb75d68]
Event: 3.389 Thread 0x0000000128811600 2206       3       com.sun.javafx.geom.transform.AffineBase::translate (548 bytes)
Event: 3.390 Thread 0x0000000128811600 nmethod 2206 0x0000000138984610 code [0x0000000138984840, 0x00000001389852d8]
Event: 3.390 Thread 0x0000000128811600 2207       3       com.sun.javafx.sg.prism.NGGroup::getOrderedChildren (22 bytes)
Event: 3.390 Thread 0x0000000128811600 nmethod 2207 0x0000000138985410 code [0x00000001389855c0, 0x0000000138985858]
Event: 3.390 Thread 0x0000000128811600 2208       3       com.sun.javafx.sg.prism.NGNode::renderForcedContent (1 bytes)
Event: 3.390 Thread 0x0000000128811600 nmethod 2208 0x0000000138985910 code [0x0000000138985ac0, 0x0000000138985be8]
Event: 3.415 Thread 0x0000000128811600 2210       3       javafx.geometry.Point2D::<init> (20 bytes)
Event: 3.416 Thread 0x0000000128811600 nmethod 2210 0x0000000138985c90 code [0x0000000138985e40, 0x0000000138985fe8]

GC Heap History (2 events):
Event: 0.721 GC heap before
{Heap before GC invocations=0 (full 0):
 garbage-first heap   total 133120K, used 23520K [0x0000000780000000, 0x0000000800000000)
  region size 1024K, 23 young (23552K), 0 survivors (0K)
 Metaspace       used 6840K, committed 7040K, reserved 1056768K
  class space    used 843K, committed 960K, reserved 1048576K
}
Event: 0.722 GC heap after
{Heap after GC invocations=1 (full 0):
 garbage-first heap   total 133120K, used 4200K [0x0000000780000000, 0x0000000800000000)
  region size 1024K, 3 young (3072K), 3 survivors (3072K)
 Metaspace       used 6840K, committed 7040K, reserved 1056768K
  class space    used 843K, committed 960K, reserved 1048576K
}

Deoptimization events (20 events):
Event: 2.871 Thread 0x0000000128931800 Uncommon trap: trap_request=0xffffff45 fr.pc=0x000000013fb59440 relative=0x0000000000000140
Event: 2.871 Thread 0x0000000128931800 Uncommon trap: reason=unstable_if action=reinterpret pc=0x000000013fb59440 method=javafx.scene.Node.getEffect()Ljavafx/scene/effect/Effect; @ 4 c2
Event: 2.871 Thread 0x0000000128931800 DEOPT PACKING pc=0x000000013fb59440 sp=0x000000016fd06080
Event: 2.871 Thread 0x0000000128931800 DEOPT UNPACKING pc=0x000000013803ed1c sp=0x000000016fd05f80 mode 2
Event: 3.308 Thread 0x0000000128931800 Uncommon trap: trap_request=0xffffff45 fr.pc=0x000000013fb58ab0 relative=0x0000000000000130
Event: 3.308 Thread 0x0000000128931800 Uncommon trap: reason=unstable_if action=reinterpret pc=0x000000013fb58ab0 method=javafx.scene.Node.updateGeomBounds()V @ 4 c2
Event: 3.308 Thread 0x0000000128931800 DEOPT PACKING pc=0x000000013fb58ab0 sp=0x000000016fd04b90
Event: 3.308 Thread 0x0000000128931800 DEOPT UNPACKING pc=0x000000013803ed1c sp=0x000000016fd04a70 mode 2
Event: 3.308 Thread 0x0000000128931800 Uncommon trap: trap_request=0xffffff45 fr.pc=0x000000013fb571e4 relative=0x0000000000000064
Event: 3.308 Thread 0x0000000128931800 Uncommon trap: reason=unstable_if action=reinterpret pc=0x000000013fb571e4 method=javafx.scene.Node.updateLocalToParentTransform()V @ 4 c2
Event: 3.308 Thread 0x0000000128931800 DEOPT PACKING pc=0x000000013fb571e4 sp=0x000000016fd037a0
Event: 3.308 Thread 0x0000000128931800 DEOPT UNPACKING pc=0x000000013803ed1c sp=0x000000016fd036b0 mode 2
Event: 3.316 Thread 0x0000000128931800 Uncommon trap: trap_request=0xffffffc6 fr.pc=0x000000013fb11dd8 relative=0x0000000000000458
Event: 3.316 Thread 0x0000000128931800 Uncommon trap: reason=bimorphic_or_optimized_type_check action=maybe_recompile pc=0x000000013fb11dd8 method=java.util.concurrent.ConcurrentHashMap.get(Ljava/lang/Object;)Ljava/lang/Object; @ 149 c2
Event: 3.316 Thread 0x0000000128931800 DEOPT PACKING pc=0x000000013fb11dd8 sp=0x000000016fd04b60
Event: 3.316 Thread 0x0000000128931800 DEOPT UNPACKING pc=0x000000013803ed1c sp=0x000000016fd04af0 mode 2
Event: 3.358 Thread 0x0000000118809400 Uncommon trap: trap_request=0xffffff45 fr.pc=0x000000013fb57b20 relative=0x00000000000000e0
Event: 3.358 Thread 0x0000000118809400 Uncommon trap: reason=unstable_if action=reinterpret pc=0x000000013fb57b20 method=java.lang.ThreadLocal.get()Ljava/lang/Object; @ 11 c2
Event: 3.358 Thread 0x0000000118809400 DEOPT PACKING pc=0x000000013fb57b20 sp=0x0000000172613770
Event: 3.358 Thread 0x0000000118809400 DEOPT UNPACKING pc=0x000000013803ed1c sp=0x0000000172613700 mode 2

Classes unloaded (0 events):
No events

Classes redefined (0 events):
No events

Internal exceptions (20 events):
Event: 0.683 Thread 0x0000000128931800 Exception <a 'java/lang/NoSuchMethodError'{0x0000000786ccbe58}: 'java.lang.Object java.lang.invoke.DirectMethodHandle$Holder.invokeStaticInit(java.lang.Object, java.lang.Object, java.lang.Object, java.lang.Object)'> (0x0000000786ccbe58) 
thrown [open/src/hotspot/share/interpreter/linkResolver.cpp, line 766]
Event: 0.683 Thread 0x0000000128931800 Exception <a 'java/lang/NullPointerException'{0x0000000786cd7c20}> (0x0000000786cd7c20) 
thrown [open/src/hotspot/share/interpreter/linkResolver.cpp, line 1357]
Event: 0.742 Thread 0x0000000128931800 Exception <a 'java/lang/NoSuchMethodError'{0x0000000787c4deb8}: 'void java.lang.invoke.DirectMethodHandle$Holder.invokeStaticInit(java.lang.Object, java.lang.Object)'> (0x0000000787c4deb8) 
thrown [open/src/hotspot/share/interpreter/linkResolver.cpp, line 766]
Event: 0.767 Thread 0x0000000128931800 Exception <a 'java/lang/NoSuchMethodError'{0x0000000787b16ec8}: 'java.lang.Object java.lang.invoke.DirectMethodHandle$Holder.invokeSpecial(java.lang.Object, java.lang.Object, java.lang.Object, int, java.lang.Object)'> (0x0000000787b16ec8) 
thrown [open/src/hotspot/share/interpreter/linkResolver.cpp, line 766]
Event: 0.809 Thread 0x0000000128931800 Exception <a 'java/lang/NoSuchMethodError'{0x0000000787937eb0}: 'void java.lang.invoke.DirectMethodHandle$Holder.invokeSpecial(java.lang.Object, java.lang.Object, java.lang.Object, java.lang.Object, java.lang.Object)'> (0x0000000787937eb0) 
thrown [open/src/hotspot/share/interpreter/linkResolver.cpp, line 766]
Event: 0.836 Thread 0x0000000128931800 Exception <a 'java/lang/NoSuchMethodError'{0x000000078787a868}: 'void java.lang.invoke.DirectMethodHandle$Holder.invokeSpecial(java.lang.Object, java.lang.Object, java.lang.Object, java.lang.Object, java.lang.Object, java.lang.Object)'> (0x000000078787a868) 
thrown [open/src/hotspot/share/interpreter/linkResolver.cpp, line 766]
Event: 0.881 Thread 0x0000000128931800 Exception <a 'java/io/FileNotFoundException'{0x000000078751d068}> (0x000000078751d068) 
thrown [open/src/hotspot/share/prims/jni.cpp, line 516]
Event: 1.057 Thread 0x0000000128931800 Exception <a 'java/lang/NoSuchMethodError'{0x00000007870ed630}: 'int java.lang.invoke.DirectMethodHandle$Holder.invokeStaticInit(java.lang.Object, java.lang.Object)'> (0x00000007870ed630) 
thrown [open/src/hotspot/share/interpreter/linkResolver.cpp, line 766]
Event: 1.087 Thread 0x0000000128931800 Implicit null exception at 0x000000013fb05c78 to 0x000000013fb05d08
Event: 1.088 Thread 0x0000000128931800 Implicit null exception at 0x000000013fb17ad4 to 0x000000013fb17dd8
Event: 1.092 Thread 0x0000000128931800 Exception <a 'java/lang/NoSuchMethodError'{0x0000000786c9ea60}: 'java.lang.Object java.lang.invoke.DirectMethodHandle$Holder.invokeInterface(java.lang.Object, java.lang.Object, java.lang.Object)'> (0x0000000786c9ea60) 
thrown [open/src/hotspot/share/interpreter/linkResolver.cpp, line 766]
Event: 1.093 Thread 0x0000000128931800 Exception <a 'java/lang/IncompatibleClassChangeError'{0x0000000786ca2690}: Found class java.lang.Object, but interface was expected> (0x0000000786ca2690) 
thrown [open/src/hotspot/share/interpreter/linkResolver.cpp, line 833]
Event: 1.245 Thread 0x0000000128931800 Implicit null exception at 0x000000013fb2b8a0 to 0x000000013fb2b8f0
Event: 1.326 Thread 0x0000000128931800 Exception <a 'java/lang/NoSuchMethodError'{0x0000000786563920}: 'java.lang.Object java.lang.invoke.DirectMethodHandle$Holder.newInvokeSpecial(java.lang.Object, java.lang.Object, int)'> (0x0000000786563920) 
thrown [open/src/hotspot/share/interpreter/linkResolver.cpp, line 766]
Event: 2.355 Thread 0x0000000128931800 Exception <a 'java/lang/NoSuchMethodError'{0x0000000786295798}: 'long java.lang.invoke.DirectMethodHandle$Holder.invokeStatic(java.lang.Object, java.lang.Object, java.lang.Object)'> (0x0000000786295798) 
thrown [open/src/hotspot/share/interpreter/linkResolver.cpp, line 766]
Event: 2.355 Thread 0x0000000128931800 Exception <a 'java/lang/NoSuchMethodError'{0x0000000786298f40}: 'long java.lang.invoke.DirectMethodHandle$Holder.invokeStaticInit(java.lang.Object, java.lang.Object, java.lang.Object)'> (0x0000000786298f40) 
thrown [open/src/hotspot/share/interpreter/linkResolver.cpp, line 766]
Event: 2.356 Thread 0x0000000128931800 Exception <a 'java/lang/NoSuchMethodError'{0x00000007862b0b48}: 'java.lang.Object java.lang.invoke.DirectMethodHandle$Holder.newInvokeSpecial(java.lang.Object, java.lang.Object, long)'> (0x00000007862b0b48) 
thrown [open/src/hotspot/share/interpreter/linkResolver.cpp, line 766]
Event: 2.356 Thread 0x0000000128931800 Exception <a 'java/lang/NoSuchMethodError'{0x00000007862b4410}: 'java.lang.Object java.lang.invoke.Invokers$Holder.linkToTargetMethod(java.lang.Object, long, java.lang.Object)'> (0x00000007862b4410) 
thrown [open/src/hotspot/share/interpreter/linkResolver.cpp, line 766]
Event: 3.350 Thread 0x0000000118809400 Exception <a 'java/lang/NoSuchMethodError'{0x000000078625ab70}: 'java.lang.Object java.lang.invoke.DirectMethodHandle$Holder.invokeStaticInit(java.lang.Object, int)'> (0x000000078625ab70) 
thrown [open/src/hotspot/share/interpreter/linkResolver.cpp, line 766]
Event: 3.358 Thread 0x0000000118809400 Implicit null exception at 0x000000013fb57a88 to 0x000000013fb57b10

VM Operations (20 events):
Event: 0.830 Executing VM operation: ICBufferFull
Event: 0.830 Executing VM operation: ICBufferFull done
Event: 0.858 Executing VM operation: HandshakeAllThreads
Event: 0.858 Executing VM operation: HandshakeAllThreads done
Event: 1.083 Executing VM operation: HandshakeAllThreads
Event: 1.083 Executing VM operation: HandshakeAllThreads done
Event: 1.088 Executing VM operation: HandshakeAllThreads
Event: 1.088 Executing VM operation: HandshakeAllThreads done
Event: 1.092 Executing VM operation: ICBufferFull
Event: 1.092 Executing VM operation: ICBufferFull done
Event: 1.233 Executing VM operation: HandshakeAllThreads
Event: 1.233 Executing VM operation: HandshakeAllThreads done
Event: 1.285 Executing VM operation: ICBufferFull
Event: 1.285 Executing VM operation: ICBufferFull done
Event: 2.287 Executing VM operation: Cleanup
Event: 2.288 Executing VM operation: Cleanup done
Event: 3.291 Executing VM operation: Cleanup
Event: 3.291 Executing VM operation: Cleanup done
Event: 3.358 Executing VM operation: ICBufferFull
Event: 3.358 Executing VM operation: ICBufferFull done

Events (20 events):
Event: 2.869 Protecting memory [0x000000017282c000,0x0000000172838000] with protection modes 3
Event: 2.869 Thread 0x0000000118a68600 Thread exited: 0x0000000118a68600
Event: 2.919 Protecting memory [0x000000017282c000,0x0000000172838000] with protection modes 0
Event: 2.919 Thread 0x00000001289e9200 Thread added: 0x00000001289e9200
Event: 3.351 loading class java/lang/FdLibm$Hypot
Event: 3.351 loading class java/lang/FdLibm$Hypot done
Event: 3.351 loading class java/lang/FdLibm
Event: 3.351 loading class java/lang/FdLibm done
Event: 3.355 loading class jdk/internal/ref/CleanerImpl$InnocuousThreadFactory
Event: 3.355 loading class jdk/internal/ref/CleanerImpl$InnocuousThreadFactory done
Event: 3.356 Thread 0x0000000128967c00 Thread added: 0x0000000128967c00
Event: 3.356 Protecting memory [0x0000000280210000,0x000000028021c000] with protection modes 0
Event: 3.359 loading class sun/misc/Unsafe
Event: 3.359 loading class sun/misc/Unsafe done
Event: 3.360 loading class jdk/internal/reflect/UnsafeQualifiedStaticObjectFieldAccessorImpl
Event: 3.360 loading class jdk/internal/reflect/UnsafeQualifiedStaticFieldAccessorImpl
Event: 3.360 loading class jdk/internal/reflect/UnsafeQualifiedStaticFieldAccessorImpl done
Event: 3.360 loading class jdk/internal/reflect/UnsafeQualifiedStaticObjectFieldAccessorImpl done
Event: 3.382 loading class java/nio/DirectFloatBufferU
Event: 3.383 loading class java/nio/DirectFloatBufferU done


Dynamic libraries:
0x0000000100228000 	/Library/Java/JavaVirtualMachines/jdk-17.0.2.jdk/Contents/Home/lib/libjli.dylib
0x00000001c1bd0000 	/usr/lib/libz.1.dylib
0x00000001c1c87000 	/usr/lib/libSystem.B.dylib
0x00000001c1c81000 	/usr/lib/system/libcache.dylib
0x00000001c1c3f000 	/usr/lib/system/libcommonCrypto.dylib
0x00000001c1c68000 	/usr/lib/system/libcompiler_rt.dylib
0x00000001c1c5f000 	/usr/lib/system/libcopyfile.dylib
0x00000001b6ec7000 	/usr/lib/system/libcorecrypto.dylib
0x00000001b6f7a000 	/usr/lib/system/libdispatch.dylib
0x00000001b7148000 	/usr/lib/system/libdyld.dylib
0x00000001c1c77000 	/usr/lib/system/libkeymgr.dylib
0x00000001c1c1a000 	/usr/lib/system/libmacho.dylib
0x00000001c130f000 	/usr/lib/system/libquarantine.dylib
0x00000001c1c74000 	/usr/lib/system/libremovefile.dylib
0x00000001bc2b0000 	/usr/lib/system/libsystem_asl.dylib
0x00000001b6e69000 	/usr/lib/system/libsystem_blocks.dylib
0x00000001b7002000 	/usr/lib/system/libsystem_c.dylib
0x00000001c1c6c000 	/usr/lib/system/libsystem_collections.dylib
0x00000001c079d000 	/usr/lib/system/libsystem_configuration.dylib
0x00000001bf9f9000 	/usr/lib/system/libsystem_containermanager.dylib
0x00000001c197c000 	/usr/lib/system/libsystem_coreservices.dylib
0x00000001b9870000 	/usr/lib/system/libsystem_darwin.dylib
0x00000001c1c78000 	/usr/lib/system/libsystem_dnssd.dylib
0x00000001b6fff000 	/usr/lib/system/libsystem_featureflags.dylib
0x00000001b715d000 	/usr/lib/system/libsystem_info.dylib
0x00000001c1be2000 	/usr/lib/system/libsystem_m.dylib
0x00000001b6f4f000 	/usr/lib/system/libsystem_malloc.dylib
0x00000001bc23f000 	/usr/lib/system/libsystem_networkextension.dylib
0x00000001b9cc9000 	/usr/lib/system/libsystem_notify.dylib
0x00000001c7fc5000 	/usr/lib/system/libsystem_product_info_filter.dylib
0x00000001c07a2000 	/usr/lib/system/libsystem_sandbox.dylib
0x00000001c1c71000 	/usr/lib/system/libsystem_secinit.dylib
0x00000001b7103000 	/usr/lib/system/libsystem_kernel.dylib
0x00000001b7155000 	/usr/lib/system/libsystem_platform.dylib
0x00000001b713b000 	/usr/lib/system/libsystem_pthread.dylib
0x00000001bda08000 	/usr/lib/system/libsystem_symptoms.dylib
0x00000001b6ead000 	/usr/lib/system/libsystem_trace.dylib
0x00000001c1c4c000 	/usr/lib/system/libunwind.dylib
0x00000001b6e6b000 	/usr/lib/system/libxpc.dylib
0x00000001b70eb000 	/usr/lib/libc++abi.dylib
0x00000001b6fc1000 	/usr/lib/libobjc.A.dylib
0x00000001c1c57000 	/usr/lib/liboah.dylib
0x00000001b7084000 	/usr/lib/libc++.1.dylib
0x00000001cdade000 	/System/Library/Frameworks/Cocoa.framework/Versions/A/Cocoa
0x00000001b9d2a000 	/System/Library/Frameworks/AppKit.framework/Versions/C/AppKit
0x00000001bd230000 	/System/Library/Frameworks/CoreData.framework/Versions/A/CoreData
0x00000001b8085000 	/System/Library/Frameworks/Foundation.framework/Versions/C/Foundation
0x00000001babe2000 	/System/Library/PrivateFrameworks/UIFoundation.framework/Versions/A/UIFoundation
0x00000001c7cbf000 	/System/Library/PrivateFrameworks/RemoteViewServices.framework/Versions/A/RemoteViewServices
0x00000001c0145000 	/System/Library/PrivateFrameworks/XCTTargetBootstrap.framework/Versions/A/XCTTargetBootstrap
0x00000001c39c3000 	/System/Library/PrivateFrameworks/InternationalSupport.framework/Versions/A/InternationalSupport
0x00000001c3a4c000 	/System/Library/PrivateFrameworks/UserActivity.framework/Versions/A/UserActivity
0x00000001c2ebe000 	/usr/lib/libspindump.dylib
0x00000001bae53000 	/System/Library/Frameworks/UniformTypeIdentifiers.framework/Versions/A/UniformTypeIdentifiers
0x00000001be690000 	/usr/lib/libapp_launch_measurement.dylib
0x00000001bdbba000 	/System/Library/PrivateFrameworks/CoreAnalytics.framework/Versions/A/CoreAnalytics
0x00000001be693000 	/System/Library/PrivateFrameworks/CoreAutoLayout.framework/Versions/A/CoreAutoLayout
0x00000001bfa36000 	/System/Library/Frameworks/Metal.framework/Versions/A/Metal
0x00000001c07ad000 	/usr/lib/liblangid.dylib
0x00000001c014a000 	/System/Library/PrivateFrameworks/CoreSVG.framework/Versions/A/CoreSVG
0x00000001bc2e4000 	/System/Library/PrivateFrameworks/SkyLight.framework/Versions/A/SkyLight
0x00000001bc6b9000 	/System/Library/Frameworks/CoreGraphics.framework/Versions/A/CoreGraphics
0x00000001c838b000 	/System/Library/Frameworks/Accelerate.framework/Versions/A/Accelerate
0x00000001c2935000 	/System/Library/PrivateFrameworks/IconServices.framework/Versions/A/IconServices
0x00000001bfa18000 	/System/Library/Frameworks/IOSurface.framework/Versions/A/IOSurface
0x00000001bdbeb000 	/usr/lib/libDiagnosticMessagesClient.dylib
0x00000001cb88c000 	/System/Library/Frameworks/ApplicationServices.framework/Versions/A/ApplicationServices
0x00000001c012d000 	/System/Library/PrivateFrameworks/DFRFoundation.framework/Versions/A/DFRFoundation
0x00000001b95ba000 	/usr/lib/libicucore.A.dylib
0x00000001c486f000 	/System/Library/Frameworks/AudioToolbox.framework/Versions/A/AudioToolbox
0x00000001c39cf000 	/System/Library/PrivateFrameworks/DataDetectorsCore.framework/Versions/A/DataDetectorsCore
0x00000001da30f000 	/System/Library/PrivateFrameworks/TextInput.framework/Versions/A/TextInput
0x00000001bc259000 	/usr/lib/libMobileGestalt.dylib
0x00000001bfdf9000 	/System/Library/Frameworks/Carbon.framework/Versions/A/Frameworks/HIToolbox.framework/Versions/A/HIToolbox
0x00000001be06c000 	/System/Library/Frameworks/QuartzCore.framework/Versions/A/QuartzCore
0x00000001b923d000 	/System/Library/Frameworks/Security.framework/Versions/A/Security
0x00000001c7cff000 	/System/Library/Frameworks/Carbon.framework/Versions/A/Frameworks/SpeechRecognition.framework/Versions/A/SpeechRecognition
0x00000001be3e6000 	/System/Library/PrivateFrameworks/CoreUI.framework/Versions/A/CoreUI
0x00000001b8b1a000 	/System/Library/Frameworks/CoreAudio.framework/Versions/A/CoreAudio
0x00000001bdce0000 	/System/Library/Frameworks/DiskArbitration.framework/Versions/A/DiskArbitration
0x00000001c32c8000 	/System/Library/PrivateFrameworks/MultitouchSupport.framework/Versions/A/MultitouchSupport
0x00000001bc257000 	/usr/lib/libenergytrace.dylib
0x00000001b9bf2000 	/System/Library/Frameworks/IOKit.framework/Versions/A/IOKit
0x00000001c80ee000 	/System/Library/Frameworks/CoreServices.framework/Versions/A/CoreServices
0x00000001be620000 	/System/Library/PrivateFrameworks/PerformanceAnalysis.framework/Versions/A/PerformanceAnalysis
0x00000002185f7000 	/System/Library/Frameworks/OpenGL.framework/Versions/A/OpenGL
0x00000001c1227000 	/System/Library/PrivateFrameworks/MobileKeyBag.framework/Versions/A/MobileKeyBag
0x00000001bccc6000 	/System/Library/Frameworks/ColorSync.framework/Versions/A/ColorSync
0x00000001b718a000 	/System/Library/Frameworks/CoreFoundation.framework/Versions/A/CoreFoundation
0x00000001c03c9000 	/System/Library/Frameworks/CoreImage.framework/Versions/A/CoreImage
0x00000001b893e000 	/System/Library/Frameworks/CoreText.framework/Versions/A/CoreText
0x00000001c017a000 	/System/Library/Frameworks/ImageIO.framework/Versions/A/ImageIO
0x00000001c1c8d000 	/System/Library/PrivateFrameworks/SoftLinking.framework/Versions/A/SoftLinking
0x00000001be6de000 	/usr/lib/libxml2.2.dylib
0x00000001c1f26000 	/usr/lib/libcompression.dylib
0x00000001c391f000 	/System/Library/PrivateFrameworks/TextureIO.framework/Versions/A/TextureIO
0x00000001c264e000 	/usr/lib/libate.dylib
0x00000001c2513000 	/usr/lib/liblzma.5.dylib
0x00000001b7d79000 	/System/Library/Frameworks/SystemConfiguration.framework/Versions/A/SystemConfiguration
0x00000001c1c89000 	/usr/lib/libfakelink.dylib
0x00000001bbd8b000 	/System/Library/Frameworks/CFNetwork.framework/Versions/A/CFNetwork
0x00000001c1dcf000 	/usr/lib/libarchive.2.dylib
0x00000001c07a9000 	/System/Library/PrivateFrameworks/AppleSystemInfo.framework/Versions/A/AppleSystemInfo
0x00000001c133a000 	/usr/lib/libbsm.0.dylib
0x00000001bb2fc000 	/usr/lib/libnetwork.dylib
0x00000001c1c23000 	/usr/lib/system/libkxld.dylib
0x00000001c0f4d000 	/System/Library/PrivateFrameworks/IOMobileFramebuffer.framework/Versions/A/IOMobileFramebuffer
0x0000000235f23000 	/usr/lib/libCoreEntitlements.dylib
0x00000001c195e000 	/System/Library/PrivateFrameworks/AppleFSCompression.framework/Versions/A/AppleFSCompression
0x00000001c1322000 	/usr/lib/libcoretls.dylib
0x00000001c252c000 	/usr/lib/libcoretls_cfhelpers.dylib
0x00000001c1f21000 	/usr/lib/libpam.2.dylib
0x00000001bd61f000 	/usr/lib/libsqlite3.dylib
0x00000001c2595000 	/usr/lib/libxar.1.dylib
0x00000001c196f000 	/usr/lib/libbz2.1.0.dylib
0x00000001c1c8e000 	/usr/lib/libpcap.A.dylib
0x00000001bd9ff000 	/usr/lib/libdns_services.dylib
0x00000001c1ef4000 	/usr/lib/libapple_nghttp2.dylib
0x00000001c1ccb000 	/usr/lib/libiconv.2.dylib
0x00000001c1c19000 	/usr/lib/libcharset.1.dylib
0x00000001be65c000 	/System/Library/Frameworks/CoreServices.framework/Versions/A/Frameworks/FSEvents.framework/Versions/A/FSEvents
0x00000001b987b000 	/System/Library/Frameworks/CoreServices.framework/Versions/A/Frameworks/CarbonCore.framework/Versions/A/CarbonCore
0x00000001bdc40000 	/System/Library/Frameworks/CoreServices.framework/Versions/A/Frameworks/Metadata.framework/Versions/A/Metadata
0x00000001c1982000 	/System/Library/Frameworks/CoreServices.framework/Versions/A/Frameworks/OSServices.framework/Versions/A/OSServices
0x00000001c1e55000 	/System/Library/Frameworks/CoreServices.framework/Versions/A/Frameworks/SearchKit.framework/Versions/A/SearchKit
0x00000001bd98e000 	/System/Library/Frameworks/CoreServices.framework/Versions/A/Frameworks/AE.framework/Versions/A/AE
0x00000001b76d0000 	/System/Library/Frameworks/CoreServices.framework/Versions/A/Frameworks/LaunchServices.framework/Versions/A/LaunchServices
0x00000001c24bc000 	/System/Library/Frameworks/CoreServices.framework/Versions/A/Frameworks/DictionaryServices.framework/Versions/A/DictionaryServices
0x00000001be669000 	/System/Library/Frameworks/CoreServices.framework/Versions/A/Frameworks/SharedFileList.framework/Versions/A/SharedFileList
0x00000001c1312000 	/usr/lib/libCheckFix.dylib
0x00000001bc2c8000 	/System/Library/PrivateFrameworks/TCC.framework/Versions/A/TCC
0x00000001c07af000 	/System/Library/PrivateFrameworks/CoreNLP.framework/Versions/A/CoreNLP
0x00000001bdbee000 	/System/Library/PrivateFrameworks/MetadataUtilities.framework/Versions/A/MetadataUtilities
0x00000001b7e32000 	/usr/lib/libmecabra.dylib
0x00000001c134b000 	/usr/lib/libmecab.dylib
0x00000001b7dfe000 	/usr/lib/libCRFSuite.dylib
0x00000001c13a8000 	/usr/lib/libgermantok.dylib
0x00000001c1ecd000 	/usr/lib/libThaiTokenizer.dylib
0x00000001bdce8000 	/System/Library/Frameworks/Accelerate.framework/Versions/A/Frameworks/vImage.framework/Versions/A/vImage
0x00000001c80c5000 	/System/Library/Frameworks/Accelerate.framework/Versions/A/Frameworks/vecLib.framework/Versions/A/vecLib
0x00000001c25da000 	/System/Library/Frameworks/Accelerate.framework/Versions/A/Frameworks/vecLib.framework/Versions/A/libvMisc.dylib
0x00000001c0e54000 	/System/Library/Frameworks/Accelerate.framework/Versions/A/Frameworks/vecLib.framework/Versions/A/libvDSP.dylib
0x00000001b7a59000 	/System/Library/Frameworks/Accelerate.framework/Versions/A/Frameworks/vecLib.framework/Versions/A/libBLAS.dylib
0x00000001c1ff7000 	/System/Library/Frameworks/Accelerate.framework/Versions/A/Frameworks/vecLib.framework/Versions/A/libLAPACK.dylib
0x00000001c13ab000 	/System/Library/Frameworks/Accelerate.framework/Versions/A/Frameworks/vecLib.framework/Versions/A/libLinearAlgebra.dylib
0x00000001c1f0c000 	/System/Library/Frameworks/Accelerate.framework/Versions/A/Frameworks/vecLib.framework/Versions/A/libSparseBLAS.dylib
0x00000001c1ff2000 	/System/Library/Frameworks/Accelerate.framework/Versions/A/Frameworks/vecLib.framework/Versions/A/libQuadrature.dylib
0x00000001c08a8000 	/System/Library/Frameworks/Accelerate.framework/Versions/A/Frameworks/vecLib.framework/Versions/A/libBNNS.dylib
0x00000001b7d17000 	/System/Library/Frameworks/Accelerate.framework/Versions/A/Frameworks/vecLib.framework/Versions/A/libSparse.dylib
0x00000001c08a0000 	/System/Library/PrivateFrameworks/LinguisticData.framework/Versions/A/LinguisticData
0x00000001b7ccf000 	/System/Library/PrivateFrameworks/Lexicon.framework/Versions/A/Lexicon
0x00000001c25d2000 	/usr/lib/libChineseTokenizer.dylib
0x00000001b8476000 	/System/Library/PrivateFrameworks/LanguageModeling.framework/Versions/A/LanguageModeling
0x00000001c1ecf000 	/System/Library/PrivateFrameworks/AppleSauce.framework/Versions/A/AppleSauce
0x00000001c0f3a000 	/System/Library/PrivateFrameworks/CoreEmoji.framework/Versions/A/CoreEmoji
0x00000001c1dbd000 	/usr/lib/libcmph.dylib
0x00000001be63c000 	/System/Library/Frameworks/OpenDirectory.framework/Versions/A/Frameworks/CFOpenDirectory.framework/Versions/A/CFOpenDirectory
0x00000001be62c000 	/System/Library/Frameworks/OpenDirectory.framework/Versions/A/OpenDirectory
0x00000001c252e000 	/System/Library/PrivateFrameworks/APFS.framework/Versions/A/APFS
0x00000001c1262000 	/System/Library/Frameworks/SecurityFoundation.framework/Versions/A/SecurityFoundation
0x00000001c25a4000 	/usr/lib/libutil.dylib
0x00000001b9bb4000 	/System/Library/PrivateFrameworks/CoreServicesStore.framework/Versions/A/CoreServicesStore
0x00000001c25a8000 	/usr/lib/libxslt.1.dylib
0x00000001c12f6000 	/System/Library/PrivateFrameworks/BackgroundTaskManagement.framework/Versions/A/BackgroundTaskManagement
0x00000001c3840000 	/System/Library/Frameworks/ImageIO.framework/Versions/A/Resources/libRadiance.dylib
0x00000001c3849000 	/System/Library/Frameworks/ImageIO.framework/Versions/A/Resources/libJPEG.dylib
0x00000001c379c000 	/System/Library/Frameworks/ImageIO.framework/Versions/A/Resources/libPng.dylib
0x00000001c37be000 	/System/Library/Frameworks/ImageIO.framework/Versions/A/Resources/libTIFF.dylib
0x00000001c38a4000 	/System/Library/Frameworks/ImageIO.framework/Versions/A/Resources/libGIF.dylib
0x00000001c31d8000 	/System/Library/Frameworks/ImageIO.framework/Versions/A/Resources/libJP2.dylib
0x00000001c28fa000 	/usr/lib/libexpat.1.dylib
0x00000001c3193000 	/System/Library/PrivateFrameworks/AppleJPEG.framework/Versions/A/AppleJPEG
0x00000001bfcb5000 	/System/Library/PrivateFrameworks/FontServices.framework/libFontParser.dylib
0x00000001bd933000 	/System/Library/PrivateFrameworks/RunningBoardServices.framework/Versions/A/RunningBoardServices
0x00000001ce1b1000 	/System/Library/PrivateFrameworks/IOSurfaceAccelerator.framework/Versions/A/IOSurfaceAccelerator
0x00000001c32c4000 	/System/Library/PrivateFrameworks/WatchdogClient.framework/Versions/A/WatchdogClient
0x00000001b857a000 	/System/Library/Frameworks/CoreDisplay.framework/Versions/A/CoreDisplay
0x00000001bfb9f000 	/System/Library/Frameworks/CoreMedia.framework/Versions/A/CoreMedia
0x00000001bfa2c000 	/System/Library/PrivateFrameworks/IOAccelerator.framework/Versions/A/IOAccelerator
0x00000001be7cc000 	/System/Library/Frameworks/CoreVideo.framework/Versions/A/CoreVideo
0x00000001c1f1f000 	/System/Library/Frameworks/MetalPerformanceShaders.framework/Versions/A/MetalPerformanceShaders
0x00000001c3303000 	/System/Library/Frameworks/VideoToolbox.framework/Versions/A/VideoToolbox
0x00000001bd877000 	/System/Library/PrivateFrameworks/BaseBoard.framework/Versions/A/BaseBoard
0x00000001bd605000 	/System/Library/PrivateFrameworks/ProtocolBuffer.framework/Versions/A/ProtocolBuffer
0x00000001c383b000 	/System/Library/PrivateFrameworks/GPUWrangler.framework/Versions/A/GPUWrangler
0x00000001c381b000 	/System/Library/PrivateFrameworks/IOPresentment.framework/Versions/A/IOPresentment
0x00000001c3843000 	/System/Library/PrivateFrameworks/DSExternalDisplay.framework/Versions/A/DSExternalDisplay
0x00000002185ea000 	/System/Library/Frameworks/OpenGL.framework/Versions/A/Libraries/libCoreFSCache.dylib
0x0000000222aa9000 	/System/Library/PrivateFrameworks/GPUCompiler.framework/Versions/31001/Libraries/libGPUCompilerUtils.dylib
0x00000001c38a9000 	/System/Library/PrivateFrameworks/CMCaptureCore.framework/Versions/A/CMCaptureCore
0x00000001c2eab000 	/System/Library/PrivateFrameworks/AppServerSupport.framework/Versions/A/AppServerSupport
0x00000001c512c000 	/System/Library/PrivateFrameworks/perfdata.framework/Versions/A/perfdata
0x00000001b869a000 	/System/Library/PrivateFrameworks/AudioToolboxCore.framework/Versions/A/AudioToolboxCore
0x00000001bfb78000 	/System/Library/PrivateFrameworks/caulk.framework/Versions/A/caulk
0x00000001c4a21000 	/usr/lib/libAudioStatistics.dylib
0x00000001d6976000 	/System/Library/PrivateFrameworks/SystemPolicy.framework/Versions/A/SystemPolicy
0x00000001c4c8d000 	/usr/lib/libSMC.dylib
0x00000001cd9c0000 	/System/Library/Frameworks/CoreMIDI.framework/Versions/A/CoreMIDI
0x00000001c376a000 	/usr/lib/libAudioToolboxUtility.dylib
0x00000001d2a43000 	/System/Library/PrivateFrameworks/OSAServicesClient.framework/Versions/A/OSAServicesClient
0x00000001c5139000 	/usr/lib/libperfcheck.dylib
0x00000001d748e000 	/usr/lib/libmis.dylib
0x000000021864c000 	/System/Library/Frameworks/OpenGL.framework/Versions/A/Libraries/libGLU.dylib
0x000000021860b000 	/System/Library/Frameworks/OpenGL.framework/Versions/A/Libraries/libGFXShared.dylib
0x00000002187f8000 	/System/Library/Frameworks/OpenGL.framework/Versions/A/Libraries/libGL.dylib
0x0000000218614000 	/System/Library/Frameworks/OpenGL.framework/Versions/A/Libraries/libGLImage.dylib
0x0000000218608000 	/System/Library/Frameworks/OpenGL.framework/Versions/A/Libraries/libCVMSPluginSupport.dylib
0x00000002185f1000 	/System/Library/Frameworks/OpenGL.framework/Versions/A/Libraries/libCoreVMClient.dylib
0x00000001c0729000 	/System/Library/Frameworks/MetalPerformanceShaders.framework/Versions/A/Frameworks/MPSCore.framework/Versions/A/MPSCore
0x00000001c18d1000 	/System/Library/Frameworks/MetalPerformanceShaders.framework/Versions/A/Frameworks/MPSImage.framework/Versions/A/MPSImage
0x00000001c13c0000 	/System/Library/Frameworks/MetalPerformanceShaders.framework/Versions/A/Frameworks/MPSNeuralNetwork.framework/Versions/A/MPSNeuralNetwork
0x00000001c17f9000 	/System/Library/Frameworks/MetalPerformanceShaders.framework/Versions/A/Frameworks/MPSMatrix.framework/Versions/A/MPSMatrix
0x00000001c15d2000 	/System/Library/Frameworks/MetalPerformanceShaders.framework/Versions/A/Frameworks/MPSRayIntersector.framework/Versions/A/MPSRayIntersector
0x00000001c182a000 	/System/Library/Frameworks/MetalPerformanceShaders.framework/Versions/A/Frameworks/MPSNDArray.framework/Versions/A/MPSNDArray
0x000000021a763000 	/System/Library/Frameworks/MetalPerformanceShaders.framework/Versions/A/Frameworks/MPSFunctions.framework/Versions/A/MPSFunctions
0x00000001b7930000 	/System/Library/PrivateFrameworks/MetalTools.framework/Versions/A/MetalTools
0x00000001c07a7000 	/System/Library/PrivateFrameworks/AggregateDictionary.framework/Versions/A/AggregateDictionary
0x00000001c26df000 	/usr/lib/libIOReport.dylib
0x00000001cc9de000 	/System/Library/PrivateFrameworks/ASEProcessing.framework/Versions/A/ASEProcessing
0x00000001c2a54000 	/System/Library/PrivateFrameworks/FaceCore.framework/Versions/A/FaceCore
0x00000001c2a46000 	/System/Library/PrivateFrameworks/GraphVisualizer.framework/Versions/A/GraphVisualizer
0x00000002229c0000 	/System/Library/PrivateFrameworks/FontServices.framework/Versions/A/FontServices
0x00000001c2e67000 	/System/Library/PrivateFrameworks/OTSVG.framework/Versions/A/OTSVG
0x00000001be396000 	/System/Library/Frameworks/ApplicationServices.framework/Versions/A/Frameworks/ATS.framework/Versions/A/Resources/libFontRegistry.dylib
0x00000001c2eb4000 	/System/Library/PrivateFrameworks/FontServices.framework/libhvf.dylib
0x00000002229c1000 	/System/Library/PrivateFrameworks/FontServices.framework/libXTFontStaticRegistryData.dylib
0x0000000218999000 	/System/Library/Frameworks/OpenCL.framework/Versions/A/OpenCL
0x00000001c28ae000 	/System/Library/PrivateFrameworks/AppleVA.framework/Versions/A/AppleVA
0x00000001c4a49000 	/System/Library/Frameworks/ApplicationServices.framework/Versions/A/Frameworks/ATS.framework/Versions/A/ATS
0x00000001bcdc3000 	/System/Library/Frameworks/ApplicationServices.framework/Versions/A/Frameworks/HIServices.framework/Versions/A/HIServices
0x00000001c38b3000 	/System/Library/Frameworks/ApplicationServices.framework/Versions/A/Frameworks/PrintCore.framework/Versions/A/PrintCore
0x00000001c4de0000 	/System/Library/Frameworks/ApplicationServices.framework/Versions/A/Frameworks/QD.framework/Versions/A/QD
0x00000001c4dd8000 	/System/Library/Frameworks/ApplicationServices.framework/Versions/A/Frameworks/ColorSyncLegacy.framework/Versions/A/ColorSyncLegacy
0x00000001c4a35000 	/System/Library/Frameworks/ApplicationServices.framework/Versions/A/Frameworks/SpeechSynthesis.framework/Versions/A/SpeechSynthesis
0x00000001c3874000 	/System/Library/Frameworks/ApplicationServices.framework/Versions/A/Frameworks/ATSUI.framework/Versions/A/ATSUI
0x00000001c4d6d000 	/usr/lib/libcups.2.dylib
0x00000001c5147000 	/System/Library/Frameworks/Kerberos.framework/Versions/A/Kerberos
0x00000001c5158000 	/System/Library/Frameworks/GSS.framework/Versions/A/GSS
0x00000001c4ab9000 	/usr/lib/libresolv.9.dylib
0x00000001c2ec3000 	/System/Library/PrivateFrameworks/Heimdal.framework/Versions/A/Heimdal
0x00000001cbc13000 	/System/Library/Frameworks/Kerberos.framework/Versions/A/Libraries/libHeimdalProxy.dylib
0x00000001bda11000 	/System/Library/Frameworks/Network.framework/Versions/A/Network
0x00000001c2915000 	/usr/lib/libheimdal-asn1.dylib
0x00000001c51a8000 	/System/Library/PrivateFrameworks/CommonAuth.framework/Versions/A/CommonAuth
0x00000001c49af000 	/System/Library/PrivateFrameworks/AudioSession.framework/Versions/A/AudioSession
0x00000001c29a7000 	/System/Library/PrivateFrameworks/MediaExperience.framework/Versions/A/MediaExperience
0x00000001c4835000 	/System/Library/PrivateFrameworks/AudioSession.framework/libSessionUtility.dylib
0x00000001c4dec000 	/System/Library/PrivateFrameworks/AudioResourceArbitration.framework/Versions/A/AudioResourceArbitration
0x00000001c8fa2000 	/System/Library/PrivateFrameworks/PowerLog.framework/Versions/A/PowerLog
0x00000001c291f000 	/System/Library/PrivateFrameworks/IconFoundation.framework/Versions/A/IconFoundation
0x00000001c7ceb000 	/System/Library/PrivateFrameworks/SpeechRecognitionCore.framework/Versions/A/SpeechRecognitionCore
0x000000010143c000 	/Library/Java/JavaVirtualMachines/jdk-17.0.2.jdk/Contents/Home/lib/server/libjvm.dylib
0x000000010028c000 	/Library/Java/JavaVirtualMachines/jdk-17.0.2.jdk/Contents/Home/lib/libjimage.dylib
0x0000000100314000 	/Library/Java/JavaVirtualMachines/jdk-17.0.2.jdk/Contents/Home/lib/libjava.dylib
0x0000000100454000 	/Library/Java/JavaVirtualMachines/jdk-17.0.2.jdk/Contents/Home/lib/libnio.dylib
0x00000001012c0000 	/Library/Java/JavaVirtualMachines/jdk-17.0.2.jdk/Contents/Home/lib/libnet.dylib
0x0000000100434000 	/Library/Java/JavaVirtualMachines/jdk-17.0.2.jdk/Contents/Home/lib/libzip.dylib
0x0000000100474000 	/Users/aymanehhhhhh/.openjfx/cache/17/libprism_es2.dylib
0x00000001b9b77000 	/System/Library/PrivateFrameworks/CoreServicesInternal.framework/Versions/A/CoreServicesInternal
0x0000000218802000 	/System/Library/Frameworks/OpenGL.framework/Versions/A/Resources/GLEngine.bundle/GLEngine
0x000000021868a000 	/System/Library/Frameworks/OpenGL.framework/Versions/A/Libraries/libGLProgrammability.dylib
0x000000010df3c000 	/System/Library/Extensions/AppleMetalOpenGLRenderer.bundle/Contents/MacOS/AppleMetalOpenGLRenderer
0x0000000218971000 	/System/Library/Frameworks/OpenGL.framework/Versions/A/Resources/GLRendererFloat.bundle/GLRendererFloat
0x0000000218a71000 	/System/Library/Extensions/AGXMetal13_3.bundle/Contents/MacOS/AGXMetal13_3
0x00000001d74aa000 	/System/Library/PrivateFrameworks/GPURawCounter.framework/Versions/A/GPURawCounter
0x00000001d1bb4000 	/System/Library/PrivateFrameworks/IOGPU.framework/Versions/A/IOGPU
0x000000010de64000 	/Users/aymanehhhhhh/.openjfx/cache/17/libglass.dylib
0x00000001c91fa000 	/System/Library/Frameworks/FileProvider.framework/Versions/A/FileProvider
0x00000001bd7df000 	/System/Library/Frameworks/Accounts.framework/Versions/A/Accounts
0x00000001c937e000 	/System/Library/PrivateFrameworks/GenerationalStorage.framework/Versions/A/GenerationalStorage
0x00000001c9f41000 	/System/Library/PrivateFrameworks/CoreSymbolication.framework/Versions/A/CoreSymbolication
0x00000001c8f96000 	/System/Library/PrivateFrameworks/SymptomDiagnosticReporter.framework/Versions/A/SymptomDiagnosticReporter
0x00000001bae67000 	/System/Library/PrivateFrameworks/DesktopServicesPriv.framework/Versions/A/DesktopServicesPriv
0x00000001b9cd9000 	/usr/lib/libsandbox.1.dylib
0x00000001be85a000 	/System/Library/PrivateFrameworks/UserManagement.framework/Versions/A/UserManagement
0x00000001c9efe000 	/System/Library/PrivateFrameworks/DebugSymbols.framework/Versions/A/DebugSymbols
0x00000001c4dcb000 	/System/Library/PrivateFrameworks/NetAuth.framework/Versions/A/NetAuth
0x00000001c5ce9000 	/System/Library/PrivateFrameworks/Sharing.framework/Versions/A/Sharing
0x00000001be82a000 	/System/Library/PrivateFrameworks/login.framework/Versions/A/Frameworks/loginsupport.framework/Versions/A/loginsupport
0x00000001cb133000 	/System/Library/PrivateFrameworks/Apple80211.framework/Versions/A/Apple80211
0x00000001c19b5000 	/System/Library/PrivateFrameworks/AuthKit.framework/Versions/A/AuthKit
0x00000001c1036000 	/System/Library/PrivateFrameworks/CoreUtils.framework/Versions/A/CoreUtils
0x00000001c0f59000 	/System/Library/Frameworks/CoreWLAN.framework/Versions/A/CoreWLAN
0x00000001c5e59000 	/System/Library/Frameworks/IOBluetooth.framework/Versions/A/IOBluetooth
0x00000001cb193000 	/System/Library/PrivateFrameworks/CoreWiFi.framework/Versions/A/CoreWiFi
0x00000001c9ade000 	/System/Library/PrivateFrameworks/FrontBoardServices.framework/Versions/A/FrontBoardServices
0x00000001c9b76000 	/System/Library/PrivateFrameworks/BoardServices.framework/Versions/A/BoardServices
0x00000001c1250000 	/System/Library/PrivateFrameworks/AssertionServices.framework/Versions/A/AssertionServices
0x00000001cb310000 	/System/Library/PrivateFrameworks/BackBoardServices.framework/Versions/A/BackBoardServices
0x00000001c523f000 	/System/Library/PrivateFrameworks/CorePhoneNumbers.framework/Versions/A/CorePhoneNumbers
0x00000001c90c6000 	/System/Library/PrivateFrameworks/DiskManagement.framework/Versions/A/DiskManagement
0x00000001c8fc9000 	/System/Library/PrivateFrameworks/AppleIDAuthSupport.framework/Versions/A/AppleIDAuthSupport
0x000000021cf8a000 	/System/Library/PrivateFrameworks/AAAFoundation.framework/Versions/A/AAAFoundation
0x00000001c521e000 	/System/Library/PrivateFrameworks/KeychainCircle.framework/Versions/A/KeychainCircle
0x00000001c9092000 	/System/Library/PrivateFrameworks/MediaKit.framework/Versions/A/MediaKit
0x00000001c8fd6000 	/System/Library/Frameworks/DiscRecording.framework/Versions/A/DiscRecording
0x00000001c282a000 	/usr/lib/libCoreStorage.dylib
0x00000001cb60d000 	/usr/lib/libcsfde.dylib
0x00000001c5f2e000 	/System/Library/PrivateFrameworks/ProtectedCloudStorage.framework/Versions/A/ProtectedCloudStorage
0x00000001cb605000 	/System/Library/PrivateFrameworks/EFILogin.framework/Versions/A/EFILogin
0x00000001c93a5000 	/System/Library/PrivateFrameworks/OctagonTrust.framework/Versions/A/OctagonTrust
0x0000000221b5b000 	/System/Library/PrivateFrameworks/CoreUtilsExtras.framework/Versions/A/CoreUtilsExtras
0x00000001c8efb000 	/System/Library/Frameworks/CoreBluetooth.framework/Versions/A/CoreBluetooth
0x00000001cbc98000 	/System/Library/Frameworks/AudioUnit.framework/Versions/A/AudioUnit
0x00000001c2822000 	/usr/lib/libMatch.1.dylib
0x00000001db956000 	/System/Library/Frameworks/Accelerate.framework/Versions/A/Frameworks/vImage.framework/Versions/A/Libraries/libCGInterfaces.dylib
0x000000010ffe0000 	/usr/lib/libobjc-trampolines.dylib
0x00000001be524000 	/System/Library/PrivateFrameworks/ViewBridge.framework/Versions/A/ViewBridge
0x00000002360a1000 	/usr/lib/libRosetta.dylib
0x000000011cfdc000 	/Users/aymanehhhhhh/.openjfx/cache/17/libjavafx_font.dylib
0x00000001c2f86000 	/System/Library/PrivateFrameworks/login.framework/Versions/A/login


VM Arguments:
jvm_args: --add-modules=javafx.controls,javafx.fxml --module-path=/Users/aymanehhhhhh/.gradle/caches/modules-2/files-2.1/org.openjfx/javafx-fxml/17/9ba33b0d9c19e9dcfd76fe7d95748a933e09b3b/javafx-fxml-17-mac-aarch64.jar:/Users/aymanehhhhhh/.gradle/caches/modules-2/files-2.1/org.openjfx/javafx-controls/17/2254b351c1e6ce2ac9adcd3480fed883cebbb08b/javafx-controls-17-mac-aarch64.jar:/Users/aymanehhhhhh/.gradle/caches/modules-2/files-2.1/org.openjfx/javafx-graphics/17/b6326f61f7e0effbf733d62e83b8317eb8e768b4/javafx-graphics-17-mac-aarch64.jar:/Users/aymanehhhhhh/.gradle/caches/modules-2/files-2.1/org.openjfx/javafx-base/17/d77b645fa3e1a6270783178541944e4b4a457cd2/javafx-base-17-mac-aarch64.jar -Dfile.encoding=UTF-8 -Duser.country=FR -Duser.language=fr -Duser.variant 
java_command: main.App
java_class_path (initial): /Users/aymanehhhhhh/Desktop/Java space/flooding-template-el-ghaouti-aymane/app/build/classes/java/main:/Users/aymanehhhhhh/Desktop/Java space/flooding-template-el-ghaouti-aymane/app/build/resources/main
Launcher Type: SUN_STANDARD

[Global flags]
     intx CICompilerCount                          = 4                                         {product} {ergonomic}
     uint ConcGCThreads                            = 2                                         {product} {ergonomic}
     uint G1ConcRefinementThreads                  = 8                                         {product} {ergonomic}
   size_t G1HeapRegionSize                         = 1048576                                   {product} {ergonomic}
    uintx GCDrainStackTargetSize                   = 64                                        {product} {ergonomic}
   size_t InitialHeapSize                          = 134217728                                 {product} {ergonomic}
   size_t MarkStackSize                            = 4194304                                   {product} {ergonomic}
   size_t MaxHeapSize                              = 2147483648                                {product} {ergonomic}
   size_t MaxNewSize                               = 1287651328                                {product} {ergonomic}
   size_t MinHeapDeltaBytes                        = 1048576                                   {product} {ergonomic}
   size_t MinHeapSize                              = 8388608                                   {product} {ergonomic}
    uintx NonNMethodCodeHeapSize                   = 5839564                                {pd product} {ergonomic}
    uintx NonProfiledCodeHeapSize                  = 122909338                              {pd product} {ergonomic}
    uintx ProfiledCodeHeapSize                     = 122909338                              {pd product} {ergonomic}
    uintx ReservedCodeCacheSize                    = 251658240                              {pd product} {ergonomic}
     bool SegmentedCodeCache                       = true                                      {product} {ergonomic}
   size_t SoftMaxHeapSize                          = 2147483648                             {manageable} {ergonomic}
     bool UseCompressedClassPointers               = true                           {product lp64_product} {ergonomic}
     bool UseCompressedOops                        = true                           {product lp64_product} {ergonomic}
     bool UseG1GC                                  = true                                      {product} {ergonomic}
     bool UseNUMA                                  = false                                     {product} {ergonomic}
     bool UseNUMAInterleaving                      = false                                     {product} {ergonomic}

Logging:
Log output configuration:
 #0: stdout all=warning uptime,level,tags
 #1: stderr all=off uptime,level,tags

Environment Variables:
PATH=/Users/aymanehhhhhh/opt/anaconda3/bin:/Users/aymanehhhhhh/opt/anaconda3/condabin:/opt/homebrew/bin:/opt/homebrew/sbin:/usr/local/bin:/usr/bin:/bin:/usr/sbin:/sbin
SHELL=/bin/zsh
LC_CTYPE=fr_FR.UTF-8

Signal Handlers:
   SIGSEGV: _ZL13crash_handleriP9__siginfoPv in libjvm.dylib, mask=11100110000111110111111111111111, flags=SA_RESTART|SA_SIGINFO
    SIGBUS: _ZL13crash_handleriP9__siginfoPv in libjvm.dylib, mask=11100110000111110111111111111111, flags=SA_RESTART|SA_SIGINFO
    SIGFPE: _ZL13crash_handleriP9__siginfoPv in libjvm.dylib, mask=11100110000111110111111111111111, flags=SA_RESTART|SA_SIGINFO
   SIGPIPE: _ZL17javaSignalHandleriP9__siginfoPv in libjvm.dylib, mask=11100110000111110111111111111111, flags=SA_RESTART|SA_SIGINFO
   SIGXFSZ: _ZL17javaSignalHandleriP9__siginfoPv in libjvm.dylib, mask=11100110000111110111111111111111, flags=SA_RESTART|SA_SIGINFO
    SIGILL: _ZL13crash_handleriP9__siginfoPv in libjvm.dylib, mask=11100110000111110111111111111111, flags=SA_RESTART|SA_SIGINFO
   SIGUSR2: _ZL10SR_handleriP9__siginfoP17__darwin_ucontext in libjvm.dylib, mask=00100000000000000000000000000000, flags=SA_RESTART|SA_SIGINFO
    SIGHUP: _ZL11UserHandleriPvS_ in libjvm.dylib, mask=11100110000111110111111111111111, flags=SA_RESTART|SA_SIGINFO
    SIGINT: _ZL11UserHandleriPvS_ in libjvm.dylib, mask=11100110000111110111111111111111, flags=SA_RESTART|SA_SIGINFO
   SIGTERM: _ZL11UserHandleriPvS_ in libjvm.dylib, mask=11100110000111110111111111111111, flags=SA_RESTART|SA_SIGINFO
   SIGQUIT: _ZL11UserHandleriPvS_ in libjvm.dylib, mask=11100110000111110111111111111111, flags=SA_RESTART|SA_SIGINFO
   SIGTRAP: _ZL13crash_handleriP9__siginfoPv in libjvm.dylib, mask=11100110000111110111111111111111, flags=SA_RESTART|SA_SIGINFO


---------------  S Y S T E M  ---------------

OS:
uname: Darwin 21.4.0 Darwin Kernel Version 21.4.0: Fri Mar 18 00:47:26 PDT 2022; root:xnu-8020.101.4~15/RELEASE_ARM64_T8101 arm64
OS uptime: 1 days 3:10 hours
rlimit (soft/hard): STACK 8176k/65520k , CORE 0k/infinity , NPROC 1333/2000 , NOFILE 10240/infinity , AS infinity/infinity , CPU infinity/infinity , DATA infinity/infinity , FSIZE infinity/infinity , MEMLOCK infinity/infinity , RSS infinity/infinity
load average: 2.56 2.64 2.74

CPU: total 8 (initial active 8) 0x61:0x0:0x1b588bb3:0, fp, simd, crc, lse

Memory: 16k page, physical 8388608k(134128k free), swap 4194304k(1282304k free)

vm_info: Java HotSpot(TM) 64-Bit Server VM (17.0.2+8-LTS-86) for bsd-aarch64 JRE (17.0.2+8-LTS-86), built on Dec  7 2021 21:47:50 by "mach5one" with clang Apple LLVM 12.0.0 (clang-1200.0.32.29)

END.
